Performing C SOURCE FILE Test CMAKE_HAVE_LIBC_PTHREAD failed with the following output:
Change Dir: /home/toolsdevler/git/Remmina/cmake-build-debug/CMakeFiles/CMakeTmp

Run Build Command(s):/usr/bin/make -f Makefile cmTC_01f56/fast && /usr/bin/make  -f CMakeFiles/cmTC_01f56.dir/build.make CMakeFiles/cmTC_01f56.dir/build
make[1]: Entering directory '/home/toolsdevler/git/Remmina/cmake-build-debug/CMakeFiles/CMakeTmp'
Building C object CMakeFiles/cmTC_01f56.dir/src.c.o
/usr/bin/clang -DCMAKE_HAVE_LIBC_PTHREAD  -Wdeprecated-declarations  -MD -MT CMakeFiles/cmTC_01f56.dir/src.c.o -MF CMakeFiles/cmTC_01f56.dir/src.c.o.d -o CMakeFiles/cmTC_01f56.dir/src.c.o -c /home/toolsdevler/git/Remmina/cmake-build-debug/CMakeFiles/CMakeTmp/src.c
Linking C executable cmTC_01f56
/snap/clion/162/bin/cmake/linux/bin/cmake -E cmake_link_script CMakeFiles/cmTC_01f56.dir/link.txt --verbose=1
/usr/bin/clang  -Wdeprecated-declarations  CMakeFiles/cmTC_01f56.dir/src.c.o -o cmTC_01f56 
/usr/bin/ld: CMakeFiles/cmTC_01f56.dir/src.c.o: in function `main':
src.c:(.text+0x25): undefined reference to `pthread_create'
/usr/bin/ld: src.c:(.text+0x31): undefined reference to `pthread_detach'
/usr/bin/ld: src.c:(.text+0x3d): undefined reference to `pthread_cancel'
/usr/bin/ld: src.c:(.text+0x4f): undefined reference to `pthread_join'
clang: error: linker command failed with exit code 1 (use -v to see invocation)
make[1]: *** [CMakeFiles/cmTC_01f56.dir/build.make:100: cmTC_01f56] Error 1
make[1]: Leaving directory '/home/toolsdevler/git/Remmina/cmake-build-debug/CMakeFiles/CMakeTmp'
make: *** [Makefile:127: cmTC_01f56/fast] Error 2


Source file was:
#include <pthread.h>

static void* test_func(void* data)
{
  return data;
}

int main(void)
{
  pthread_t thread;
  pthread_create(&thread, NULL, test_func, NULL);
  pthread_detach(thread);
  pthread_cancel(thread);
  pthread_join(thread, NULL);
  pthread_atfork(NULL, NULL, NULL);
  pthread_exit(NULL);

  return 0;
}

Determining if the function pthread_create exists in the pthreads failed with the following output:
Change Dir: /home/toolsdevler/git/Remmina/cmake-build-debug/CMakeFiles/CMakeTmp

Run Build Command(s):/usr/bin/make -f Makefile cmTC_ee805/fast && /usr/bin/make  -f CMakeFiles/cmTC_ee805.dir/build.make CMakeFiles/cmTC_ee805.dir/build
make[1]: Entering directory '/home/toolsdevler/git/Remmina/cmake-build-debug/CMakeFiles/CMakeTmp'
Building C object CMakeFiles/cmTC_ee805.dir/CheckFunctionExists.c.o
/usr/bin/clang   -Wdeprecated-declarations -DCHECK_FUNCTION_EXISTS=pthread_create -MD -MT CMakeFiles/cmTC_ee805.dir/CheckFunctionExists.c.o -MF CMakeFiles/cmTC_ee805.dir/CheckFunctionExists.c.o.d -o CMakeFiles/cmTC_ee805.dir/CheckFunctionExists.c.o -c /snap/clion/162/bin/cmake/linux/share/cmake-3.20/Modules/CheckFunctionExists.c
Linking C executable cmTC_ee805
/snap/clion/162/bin/cmake/linux/bin/cmake -E cmake_link_script CMakeFiles/cmTC_ee805.dir/link.txt --verbose=1
/usr/bin/clang  -Wdeprecated-declarations -DCHECK_FUNCTION_EXISTS=pthread_create CMakeFiles/cmTC_ee805.dir/CheckFunctionExists.c.o -o cmTC_ee805  -lpthreads 
/usr/bin/ld: cannot find -lpthreads
clang: error: linker command failed with exit code 1 (use -v to see invocation)
make[1]: *** [CMakeFiles/cmTC_ee805.dir/build.make:100: cmTC_ee805] Error 1
make[1]: Leaving directory '/home/toolsdevler/git/Remmina/cmake-build-debug/CMakeFiles/CMakeTmp'
make: *** [Makefile:127: cmTC_ee805/fast] Error 2



