The system is: Linux - 5.19.4-arch1-1 - x86_64
Compiling the C compiler identification source file "CMakeCCompilerId.c" succeeded.
Compiler: /usr/bin/cc 
Build flags: 
Id flags:  

The output was:
0


Compilation of the C compiler identification source "CMakeCCompilerId.c" produced "a.out"

The C compiler identification is GNU, found in "/home/benoit/dev/Remmina/flatpak/_flatpak_build/CMakeFiles/3.23.2/CompilerIdC/a.out"

Compiling the CXX compiler identification source file "CMakeCXXCompilerId.cpp" succeeded.
Compiler: /usr/bin/c++ 
Build flags: 
Id flags:  

The output was:
0


Compilation of the CXX compiler identification source "CMakeCXXCompilerId.cpp" produced "a.out"

The CXX compiler identification is GNU, found in "/home/benoit/dev/Remmina/flatpak/_flatpak_build/CMakeFiles/3.23.2/CompilerIdCXX/a.out"

Detecting C compiler ABI info compiled with the following output:
Change Dir: /home/benoit/dev/Remmina/flatpak/_flatpak_build/CMakeFiles/CMakeTmp

Run Build Command(s):/usr/bin/ninja cmTC_2ce2c && [1/2] Building C object CMakeFiles/cmTC_2ce2c.dir/CMakeCCompilerABI.c.o
Using built-in specs.
COLLECT_GCC=/usr/bin/cc
Target: x86_64-unknown-linux-gnu
Configured with: ../configure --prefix=/usr --exec-prefix=/usr --bindir=/usr/bin --sbindir=/usr/bin --sysconfdir=/etc --datadir=/usr/share --includedir=/usr/include --libdir=/usr/lib --libexecdir=/usr/libexec --localstatedir=/var --sharedstatedir=/usr/com --mandir=/usr/share/man --infodir=/usr/share/info --enable-deterministic-archives --enable-shared --build=x86_64-unknown-linux-gnu --host=x86_64-unknown-linux-gnu lt_cv_sys_lib_dlsearch_path_spec=/usr/lib/x86_64-linux-gnu --target=x86_64-unknown-linux-gnu --disable-multilib --enable-multiarch --disable-bootstrap --with-build-sysroot=/cross-installation --enable-languages=c,c++,fortran,objc,obj-c++ --enable-default-pie --enable-default-ssp --with-isl --disable-libssp --enable-linker-build-id --disable-libstdcxx-filesystem-ts --enable-cet host_configargs=lt_cv_sys_lib_dlsearch_path_spec=/usr/lib/x86_64-linux-gnu target_configargs=lt_cv_sys_lib_dlsearch_path_spec=/usr/lib/x86_64-linux-gnu
Thread model: posix
Supported LTO compression algorithms: zlib
gcc version 11.3.0 (GCC) 
COLLECT_GCC_OPTIONS='-v' '-o' 'CMakeFiles/cmTC_2ce2c.dir/CMakeCCompilerABI.c.o' '-c' '-mtune=generic' '-march=x86-64' '-dumpdir' 'CMakeFiles/cmTC_2ce2c.dir/'
 /usr/libexec/gcc/x86_64-unknown-linux-gnu/11.3.0/cc1 -quiet -v -imultiarch x86_64-linux-gnu /usr/share/cmake-3.23/Modules/CMakeCCompilerABI.c -quiet -dumpdir CMakeFiles/cmTC_2ce2c.dir/ -dumpbase CMakeCCompilerABI.c.c -dumpbase-ext .c -mtune=generic -march=x86-64 -version -o /tmp/ccXOIcCR.s
GNU C17 (GCC) version 11.3.0 (x86_64-unknown-linux-gnu)
	compiled by GNU C version 11.3.0, GMP version 6.2.1, MPFR version 4.1.0, MPC version 1.2.1, isl version isl-0.24-GMP

GGC heuristics: --param ggc-min-expand=100 --param ggc-min-heapsize=131072
ignoring nonexistent directory "/usr/local/include/x86_64-linux-gnu"
ignoring nonexistent directory "/usr/local/include"
ignoring nonexistent directory "/usr/lib/gcc/x86_64-unknown-linux-gnu/11.3.0/../../../../x86_64-unknown-linux-gnu/include"
#include "..." search starts here:
#include <...> search starts here:
 /app/include
 /usr/lib/gcc/x86_64-unknown-linux-gnu/11.3.0/include
 /usr/lib/gcc/x86_64-unknown-linux-gnu/11.3.0/include-fixed
 /usr/include/x86_64-linux-gnu
 /usr/include
End of search list.
GNU C17 (GCC) version 11.3.0 (x86_64-unknown-linux-gnu)
	compiled by GNU C version 11.3.0, GMP version 6.2.1, MPFR version 4.1.0, MPC version 1.2.1, isl version isl-0.24-GMP

GGC heuristics: --param ggc-min-expand=100 --param ggc-min-heapsize=131072
Compiler executable checksum: 4ecfb5f127c2c09ada8b82ae3bd4a0a2
COLLECT_GCC_OPTIONS='-v' '-o' 'CMakeFiles/cmTC_2ce2c.dir/CMakeCCompilerABI.c.o' '-c' '-mtune=generic' '-march=x86-64' '-dumpdir' 'CMakeFiles/cmTC_2ce2c.dir/'
 /usr/lib/gcc/x86_64-unknown-linux-gnu/11.3.0/../../../../x86_64-unknown-linux-gnu/bin/as -v --64 -o CMakeFiles/cmTC_2ce2c.dir/CMakeCCompilerABI.c.o /tmp/ccXOIcCR.s
GNU assembler version 2.37 (x86_64-unknown-linux-gnu) using BFD version (GNU Binutils) 2.37
COMPILER_PATH=/usr/libexec/gcc/x86_64-unknown-linux-gnu/11.3.0/:/usr/libexec/gcc/x86_64-unknown-linux-gnu/11.3.0/:/usr/libexec/gcc/x86_64-unknown-linux-gnu/:/usr/lib/gcc/x86_64-unknown-linux-gnu/11.3.0/:/usr/lib/gcc/x86_64-unknown-linux-gnu/:/usr/lib/gcc/x86_64-unknown-linux-gnu/11.3.0/../../../../x86_64-unknown-linux-gnu/bin/
LIBRARY_PATH=/usr/lib/gcc/x86_64-unknown-linux-gnu/11.3.0/:/usr/lib/gcc/x86_64-unknown-linux-gnu/11.3.0/../../../x86_64-linux-gnu/:/usr/lib/gcc/x86_64-unknown-linux-gnu/11.3.0/../../../../lib64/:/lib/x86_64-linux-gnu/:/lib/../lib64/:/usr/lib/x86_64-linux-gnu/:/usr/lib/../lib64/:/usr/lib/gcc/x86_64-unknown-linux-gnu/11.3.0/../../../../x86_64-unknown-linux-gnu/lib/:/usr/lib/gcc/x86_64-unknown-linux-gnu/11.3.0/../../../:/lib/:/usr/lib/
COLLECT_GCC_OPTIONS='-v' '-o' 'CMakeFiles/cmTC_2ce2c.dir/CMakeCCompilerABI.c.o' '-c' '-mtune=generic' '-march=x86-64' '-dumpdir' 'CMakeFiles/cmTC_2ce2c.dir/CMakeCCompilerABI.c.'
[2/2] Linking C executable cmTC_2ce2c
Using built-in specs.
COLLECT_GCC=/usr/bin/cc
COLLECT_LTO_WRAPPER=/usr/libexec/gcc/x86_64-unknown-linux-gnu/11.3.0/lto-wrapper
Target: x86_64-unknown-linux-gnu
Configured with: ../configure --prefix=/usr --exec-prefix=/usr --bindir=/usr/bin --sbindir=/usr/bin --sysconfdir=/etc --datadir=/usr/share --includedir=/usr/include --libdir=/usr/lib --libexecdir=/usr/libexec --localstatedir=/var --sharedstatedir=/usr/com --mandir=/usr/share/man --infodir=/usr/share/info --enable-deterministic-archives --enable-shared --build=x86_64-unknown-linux-gnu --host=x86_64-unknown-linux-gnu lt_cv_sys_lib_dlsearch_path_spec=/usr/lib/x86_64-linux-gnu --target=x86_64-unknown-linux-gnu --disable-multilib --enable-multiarch --disable-bootstrap --with-build-sysroot=/cross-installation --enable-languages=c,c++,fortran,objc,obj-c++ --enable-default-pie --enable-default-ssp --with-isl --disable-libssp --enable-linker-build-id --disable-libstdcxx-filesystem-ts --enable-cet host_configargs=lt_cv_sys_lib_dlsearch_path_spec=/usr/lib/x86_64-linux-gnu target_configargs=lt_cv_sys_lib_dlsearch_path_spec=/usr/lib/x86_64-linux-gnu
Thread model: posix
Supported LTO compression algorithms: zlib
gcc version 11.3.0 (GCC) 
COMPILER_PATH=/usr/libexec/gcc/x86_64-unknown-linux-gnu/11.3.0/:/usr/libexec/gcc/x86_64-unknown-linux-gnu/11.3.0/:/usr/libexec/gcc/x86_64-unknown-linux-gnu/:/usr/lib/gcc/x86_64-unknown-linux-gnu/11.3.0/:/usr/lib/gcc/x86_64-unknown-linux-gnu/:/usr/lib/gcc/x86_64-unknown-linux-gnu/11.3.0/../../../../x86_64-unknown-linux-gnu/bin/
LIBRARY_PATH=/usr/lib/gcc/x86_64-unknown-linux-gnu/11.3.0/:/usr/lib/gcc/x86_64-unknown-linux-gnu/11.3.0/../../../x86_64-linux-gnu/:/usr/lib/gcc/x86_64-unknown-linux-gnu/11.3.0/../../../../lib64/:/lib/x86_64-linux-gnu/:/lib/../lib64/:/usr/lib/x86_64-linux-gnu/:/usr/lib/../lib64/:/usr/lib/gcc/x86_64-unknown-linux-gnu/11.3.0/../../../../x86_64-unknown-linux-gnu/lib/:/usr/lib/gcc/x86_64-unknown-linux-gnu/11.3.0/../../../:/lib/:/usr/lib/
COLLECT_GCC_OPTIONS='-L/app/lib' '-v' '-o' 'cmTC_2ce2c' '-mtune=generic' '-march=x86-64' '-dumpdir' 'cmTC_2ce2c.'
 /usr/libexec/gcc/x86_64-unknown-linux-gnu/11.3.0/collect2 -plugin /usr/libexec/gcc/x86_64-unknown-linux-gnu/11.3.0/liblto_plugin.so -plugin-opt=/usr/libexec/gcc/x86_64-unknown-linux-gnu/11.3.0/lto-wrapper -plugin-opt=-fresolution=/tmp/ccHBAfck.res -plugin-opt=-pass-through=-lgcc -plugin-opt=-pass-through=-lgcc_s -plugin-opt=-pass-through=-lc -plugin-opt=-pass-through=-lgcc -plugin-opt=-pass-through=-lgcc_s --build-id --eh-frame-hdr -m elf_x86_64 -dynamic-linker /lib64/ld-linux-x86-64.so.2 -pie -o cmTC_2ce2c /usr/lib/gcc/x86_64-unknown-linux-gnu/11.3.0/../../../x86_64-linux-gnu/Scrt1.o /usr/lib/gcc/x86_64-unknown-linux-gnu/11.3.0/../../../x86_64-linux-gnu/crti.o /usr/lib/gcc/x86_64-unknown-linux-gnu/11.3.0/crtbeginS.o -L/app/lib -L/usr/lib/gcc/x86_64-unknown-linux-gnu/11.3.0 -L/usr/lib/gcc/x86_64-unknown-linux-gnu/11.3.0/../../../x86_64-linux-gnu -L/usr/lib/gcc/x86_64-unknown-linux-gnu/11.3.0/../../../../lib64 -L/lib/x86_64-linux-gnu -L/lib/../lib64 -L/usr/lib/x86_64-linux-gnu -L/usr/lib/../lib64 -L/usr/lib/gcc/x86_64-unknown-linux-gnu/11.3.0/../../../../x86_64-unknown-linux-gnu/lib -L/usr/lib/gcc/x86_64-unknown-linux-gnu/11.3.0/../../.. CMakeFiles/cmTC_2ce2c.dir/CMakeCCompilerABI.c.o -lgcc --push-state --as-needed -lgcc_s --pop-state -lc -lgcc --push-state --as-needed -lgcc_s --pop-state /usr/lib/gcc/x86_64-unknown-linux-gnu/11.3.0/crtendS.o /usr/lib/gcc/x86_64-unknown-linux-gnu/11.3.0/../../../x86_64-linux-gnu/crtn.o
COLLECT_GCC_OPTIONS='-L/app/lib' '-v' '-o' 'cmTC_2ce2c' '-mtune=generic' '-march=x86-64' '-dumpdir' 'cmTC_2ce2c.'



Parsed C implicit include dir info from above output: rv=done
  found start of include info
  found start of implicit include info
    add: [/app/include]
    add: [/usr/lib/gcc/x86_64-unknown-linux-gnu/11.3.0/include]
    add: [/usr/lib/gcc/x86_64-unknown-linux-gnu/11.3.0/include-fixed]
    add: [/usr/include/x86_64-linux-gnu]
    add: [/usr/include]
  end of search list found
  collapse include dir [/app/include] ==> [/app/include]
  collapse include dir [/usr/lib/gcc/x86_64-unknown-linux-gnu/11.3.0/include] ==> [/usr/lib/gcc/x86_64-unknown-linux-gnu/11.3.0/include]
  collapse include dir [/usr/lib/gcc/x86_64-unknown-linux-gnu/11.3.0/include-fixed] ==> [/usr/lib/gcc/x86_64-unknown-linux-gnu/11.3.0/include-fixed]
  collapse include dir [/usr/include/x86_64-linux-gnu] ==> [/usr/include/x86_64-linux-gnu]
  collapse include dir [/usr/include] ==> [/usr/include]
  implicit include dirs: [/app/include;/usr/lib/gcc/x86_64-unknown-linux-gnu/11.3.0/include;/usr/lib/gcc/x86_64-unknown-linux-gnu/11.3.0/include-fixed;/usr/include/x86_64-linux-gnu;/usr/include]


Parsed C implicit link information from above output:
  link line regex: [^( *|.*[/\])(ld|CMAKE_LINK_STARTFILE-NOTFOUND|([^/\]+-)?ld|collect2)[^/\]*( |$)]
  ignore line: [Change Dir: /home/benoit/dev/Remmina/flatpak/_flatpak_build/CMakeFiles/CMakeTmp]
  ignore line: []
  ignore line: [Run Build Command(s):/usr/bin/ninja cmTC_2ce2c && [1/2] Building C object CMakeFiles/cmTC_2ce2c.dir/CMakeCCompilerABI.c.o]
  ignore line: [Using built-in specs.]
  ignore line: [COLLECT_GCC=/usr/bin/cc]
  ignore line: [Target: x86_64-unknown-linux-gnu]
  ignore line: [Configured with: ../configure --prefix=/usr --exec-prefix=/usr --bindir=/usr/bin --sbindir=/usr/bin --sysconfdir=/etc --datadir=/usr/share --includedir=/usr/include --libdir=/usr/lib --libexecdir=/usr/libexec --localstatedir=/var --sharedstatedir=/usr/com --mandir=/usr/share/man --infodir=/usr/share/info --enable-deterministic-archives --enable-shared --build=x86_64-unknown-linux-gnu --host=x86_64-unknown-linux-gnu lt_cv_sys_lib_dlsearch_path_spec=/usr/lib/x86_64-linux-gnu --target=x86_64-unknown-linux-gnu --disable-multilib --enable-multiarch --disable-bootstrap --with-build-sysroot=/cross-installation --enable-languages=c c++ fortran objc obj-c++ --enable-default-pie --enable-default-ssp --with-isl --disable-libssp --enable-linker-build-id --disable-libstdcxx-filesystem-ts --enable-cet host_configargs=lt_cv_sys_lib_dlsearch_path_spec=/usr/lib/x86_64-linux-gnu target_configargs=lt_cv_sys_lib_dlsearch_path_spec=/usr/lib/x86_64-linux-gnu]
  ignore line: [Thread model: posix]
  ignore line: [Supported LTO compression algorithms: zlib]
  ignore line: [gcc version 11.3.0 (GCC) ]
  ignore line: [COLLECT_GCC_OPTIONS='-v' '-o' 'CMakeFiles/cmTC_2ce2c.dir/CMakeCCompilerABI.c.o' '-c' '-mtune=generic' '-march=x86-64' '-dumpdir' 'CMakeFiles/cmTC_2ce2c.dir/']
  ignore line: [ /usr/libexec/gcc/x86_64-unknown-linux-gnu/11.3.0/cc1 -quiet -v -imultiarch x86_64-linux-gnu /usr/share/cmake-3.23/Modules/CMakeCCompilerABI.c -quiet -dumpdir CMakeFiles/cmTC_2ce2c.dir/ -dumpbase CMakeCCompilerABI.c.c -dumpbase-ext .c -mtune=generic -march=x86-64 -version -o /tmp/ccXOIcCR.s]
  ignore line: [GNU C17 (GCC) version 11.3.0 (x86_64-unknown-linux-gnu)]
  ignore line: [	compiled by GNU C version 11.3.0  GMP version 6.2.1  MPFR version 4.1.0  MPC version 1.2.1  isl version isl-0.24-GMP]
  ignore line: []
  ignore line: [GGC heuristics: --param ggc-min-expand=100 --param ggc-min-heapsize=131072]
  ignore line: [ignoring nonexistent directory "/usr/local/include/x86_64-linux-gnu"]
  ignore line: [ignoring nonexistent directory "/usr/local/include"]
  ignore line: [ignoring nonexistent directory "/usr/lib/gcc/x86_64-unknown-linux-gnu/11.3.0/../../../../x86_64-unknown-linux-gnu/include"]
  ignore line: [#include "..." search starts here:]
  ignore line: [#include <...> search starts here:]
  ignore line: [ /app/include]
  ignore line: [ /usr/lib/gcc/x86_64-unknown-linux-gnu/11.3.0/include]
  ignore line: [ /usr/lib/gcc/x86_64-unknown-linux-gnu/11.3.0/include-fixed]
  ignore line: [ /usr/include/x86_64-linux-gnu]
  ignore line: [ /usr/include]
  ignore line: [End of search list.]
  ignore line: [GNU C17 (GCC) version 11.3.0 (x86_64-unknown-linux-gnu)]
  ignore line: [	compiled by GNU C version 11.3.0  GMP version 6.2.1  MPFR version 4.1.0  MPC version 1.2.1  isl version isl-0.24-GMP]
  ignore line: []
  ignore line: [GGC heuristics: --param ggc-min-expand=100 --param ggc-min-heapsize=131072]
  ignore line: [Compiler executable checksum: 4ecfb5f127c2c09ada8b82ae3bd4a0a2]
  ignore line: [COLLECT_GCC_OPTIONS='-v' '-o' 'CMakeFiles/cmTC_2ce2c.dir/CMakeCCompilerABI.c.o' '-c' '-mtune=generic' '-march=x86-64' '-dumpdir' 'CMakeFiles/cmTC_2ce2c.dir/']
  ignore line: [ /usr/lib/gcc/x86_64-unknown-linux-gnu/11.3.0/../../../../x86_64-unknown-linux-gnu/bin/as -v --64 -o CMakeFiles/cmTC_2ce2c.dir/CMakeCCompilerABI.c.o /tmp/ccXOIcCR.s]
  ignore line: [GNU assembler version 2.37 (x86_64-unknown-linux-gnu) using BFD version (GNU Binutils) 2.37]
  ignore line: [COMPILER_PATH=/usr/libexec/gcc/x86_64-unknown-linux-gnu/11.3.0/:/usr/libexec/gcc/x86_64-unknown-linux-gnu/11.3.0/:/usr/libexec/gcc/x86_64-unknown-linux-gnu/:/usr/lib/gcc/x86_64-unknown-linux-gnu/11.3.0/:/usr/lib/gcc/x86_64-unknown-linux-gnu/:/usr/lib/gcc/x86_64-unknown-linux-gnu/11.3.0/../../../../x86_64-unknown-linux-gnu/bin/]
  ignore line: [LIBRARY_PATH=/usr/lib/gcc/x86_64-unknown-linux-gnu/11.3.0/:/usr/lib/gcc/x86_64-unknown-linux-gnu/11.3.0/../../../x86_64-linux-gnu/:/usr/lib/gcc/x86_64-unknown-linux-gnu/11.3.0/../../../../lib64/:/lib/x86_64-linux-gnu/:/lib/../lib64/:/usr/lib/x86_64-linux-gnu/:/usr/lib/../lib64/:/usr/lib/gcc/x86_64-unknown-linux-gnu/11.3.0/../../../../x86_64-unknown-linux-gnu/lib/:/usr/lib/gcc/x86_64-unknown-linux-gnu/11.3.0/../../../:/lib/:/usr/lib/]
  ignore line: [COLLECT_GCC_OPTIONS='-v' '-o' 'CMakeFiles/cmTC_2ce2c.dir/CMakeCCompilerABI.c.o' '-c' '-mtune=generic' '-march=x86-64' '-dumpdir' 'CMakeFiles/cmTC_2ce2c.dir/CMakeCCompilerABI.c.']
  ignore line: [[2/2] Linking C executable cmTC_2ce2c]
  ignore line: [Using built-in specs.]
  ignore line: [COLLECT_GCC=/usr/bin/cc]
  ignore line: [COLLECT_LTO_WRAPPER=/usr/libexec/gcc/x86_64-unknown-linux-gnu/11.3.0/lto-wrapper]
  ignore line: [Target: x86_64-unknown-linux-gnu]
  ignore line: [Configured with: ../configure --prefix=/usr --exec-prefix=/usr --bindir=/usr/bin --sbindir=/usr/bin --sysconfdir=/etc --datadir=/usr/share --includedir=/usr/include --libdir=/usr/lib --libexecdir=/usr/libexec --localstatedir=/var --sharedstatedir=/usr/com --mandir=/usr/share/man --infodir=/usr/share/info --enable-deterministic-archives --enable-shared --build=x86_64-unknown-linux-gnu --host=x86_64-unknown-linux-gnu lt_cv_sys_lib_dlsearch_path_spec=/usr/lib/x86_64-linux-gnu --target=x86_64-unknown-linux-gnu --disable-multilib --enable-multiarch --disable-bootstrap --with-build-sysroot=/cross-installation --enable-languages=c c++ fortran objc obj-c++ --enable-default-pie --enable-default-ssp --with-isl --disable-libssp --enable-linker-build-id --disable-libstdcxx-filesystem-ts --enable-cet host_configargs=lt_cv_sys_lib_dlsearch_path_spec=/usr/lib/x86_64-linux-gnu target_configargs=lt_cv_sys_lib_dlsearch_path_spec=/usr/lib/x86_64-linux-gnu]
  ignore line: [Thread model: posix]
  ignore line: [Supported LTO compression algorithms: zlib]
  ignore line: [gcc version 11.3.0 (GCC) ]
  ignore line: [COMPILER_PATH=/usr/libexec/gcc/x86_64-unknown-linux-gnu/11.3.0/:/usr/libexec/gcc/x86_64-unknown-linux-gnu/11.3.0/:/usr/libexec/gcc/x86_64-unknown-linux-gnu/:/usr/lib/gcc/x86_64-unknown-linux-gnu/11.3.0/:/usr/lib/gcc/x86_64-unknown-linux-gnu/:/usr/lib/gcc/x86_64-unknown-linux-gnu/11.3.0/../../../../x86_64-unknown-linux-gnu/bin/]
  ignore line: [LIBRARY_PATH=/usr/lib/gcc/x86_64-unknown-linux-gnu/11.3.0/:/usr/lib/gcc/x86_64-unknown-linux-gnu/11.3.0/../../../x86_64-linux-gnu/:/usr/lib/gcc/x86_64-unknown-linux-gnu/11.3.0/../../../../lib64/:/lib/x86_64-linux-gnu/:/lib/../lib64/:/usr/lib/x86_64-linux-gnu/:/usr/lib/../lib64/:/usr/lib/gcc/x86_64-unknown-linux-gnu/11.3.0/../../../../x86_64-unknown-linux-gnu/lib/:/usr/lib/gcc/x86_64-unknown-linux-gnu/11.3.0/../../../:/lib/:/usr/lib/]
  ignore line: [COLLECT_GCC_OPTIONS='-L/app/lib' '-v' '-o' 'cmTC_2ce2c' '-mtune=generic' '-march=x86-64' '-dumpdir' 'cmTC_2ce2c.']
  link line: [ /usr/libexec/gcc/x86_64-unknown-linux-gnu/11.3.0/collect2 -plugin /usr/libexec/gcc/x86_64-unknown-linux-gnu/11.3.0/liblto_plugin.so -plugin-opt=/usr/libexec/gcc/x86_64-unknown-linux-gnu/11.3.0/lto-wrapper -plugin-opt=-fresolution=/tmp/ccHBAfck.res -plugin-opt=-pass-through=-lgcc -plugin-opt=-pass-through=-lgcc_s -plugin-opt=-pass-through=-lc -plugin-opt=-pass-through=-lgcc -plugin-opt=-pass-through=-lgcc_s --build-id --eh-frame-hdr -m elf_x86_64 -dynamic-linker /lib64/ld-linux-x86-64.so.2 -pie -o cmTC_2ce2c /usr/lib/gcc/x86_64-unknown-linux-gnu/11.3.0/../../../x86_64-linux-gnu/Scrt1.o /usr/lib/gcc/x86_64-unknown-linux-gnu/11.3.0/../../../x86_64-linux-gnu/crti.o /usr/lib/gcc/x86_64-unknown-linux-gnu/11.3.0/crtbeginS.o -L/app/lib -L/usr/lib/gcc/x86_64-unknown-linux-gnu/11.3.0 -L/usr/lib/gcc/x86_64-unknown-linux-gnu/11.3.0/../../../x86_64-linux-gnu -L/usr/lib/gcc/x86_64-unknown-linux-gnu/11.3.0/../../../../lib64 -L/lib/x86_64-linux-gnu -L/lib/../lib64 -L/usr/lib/x86_64-linux-gnu -L/usr/lib/../lib64 -L/usr/lib/gcc/x86_64-unknown-linux-gnu/11.3.0/../../../../x86_64-unknown-linux-gnu/lib -L/usr/lib/gcc/x86_64-unknown-linux-gnu/11.3.0/../../.. CMakeFiles/cmTC_2ce2c.dir/CMakeCCompilerABI.c.o -lgcc --push-state --as-needed -lgcc_s --pop-state -lc -lgcc --push-state --as-needed -lgcc_s --pop-state /usr/lib/gcc/x86_64-unknown-linux-gnu/11.3.0/crtendS.o /usr/lib/gcc/x86_64-unknown-linux-gnu/11.3.0/../../../x86_64-linux-gnu/crtn.o]
    arg [/usr/libexec/gcc/x86_64-unknown-linux-gnu/11.3.0/collect2] ==> ignore
    arg [-plugin] ==> ignore
    arg [/usr/libexec/gcc/x86_64-unknown-linux-gnu/11.3.0/liblto_plugin.so] ==> ignore
    arg [-plugin-opt=/usr/libexec/gcc/x86_64-unknown-linux-gnu/11.3.0/lto-wrapper] ==> ignore
    arg [-plugin-opt=-fresolution=/tmp/ccHBAfck.res] ==> ignore
    arg [-plugin-opt=-pass-through=-lgcc] ==> ignore
    arg [-plugin-opt=-pass-through=-lgcc_s] ==> ignore
    arg [-plugin-opt=-pass-through=-lc] ==> ignore
    arg [-plugin-opt=-pass-through=-lgcc] ==> ignore
    arg [-plugin-opt=-pass-through=-lgcc_s] ==> ignore
    arg [--build-id] ==> ignore
    arg [--eh-frame-hdr] ==> ignore
    arg [-m] ==> ignore
    arg [elf_x86_64] ==> ignore
    arg [-dynamic-linker] ==> ignore
    arg [/lib64/ld-linux-x86-64.so.2] ==> ignore
    arg [-pie] ==> ignore
    arg [-o] ==> ignore
    arg [cmTC_2ce2c] ==> ignore
    arg [/usr/lib/gcc/x86_64-unknown-linux-gnu/11.3.0/../../../x86_64-linux-gnu/Scrt1.o] ==> obj [/usr/lib/gcc/x86_64-unknown-linux-gnu/11.3.0/../../../x86_64-linux-gnu/Scrt1.o]
    arg [/usr/lib/gcc/x86_64-unknown-linux-gnu/11.3.0/../../../x86_64-linux-gnu/crti.o] ==> obj [/usr/lib/gcc/x86_64-unknown-linux-gnu/11.3.0/../../../x86_64-linux-gnu/crti.o]
    arg [/usr/lib/gcc/x86_64-unknown-linux-gnu/11.3.0/crtbeginS.o] ==> obj [/usr/lib/gcc/x86_64-unknown-linux-gnu/11.3.0/crtbeginS.o]
    arg [-L/app/lib] ==> dir [/app/lib]
    arg [-L/usr/lib/gcc/x86_64-unknown-linux-gnu/11.3.0] ==> dir [/usr/lib/gcc/x86_64-unknown-linux-gnu/11.3.0]
    arg [-L/usr/lib/gcc/x86_64-unknown-linux-gnu/11.3.0/../../../x86_64-linux-gnu] ==> dir [/usr/lib/gcc/x86_64-unknown-linux-gnu/11.3.0/../../../x86_64-linux-gnu]
    arg [-L/usr/lib/gcc/x86_64-unknown-linux-gnu/11.3.0/../../../../lib64] ==> dir [/usr/lib/gcc/x86_64-unknown-linux-gnu/11.3.0/../../../../lib64]
    arg [-L/lib/x86_64-linux-gnu] ==> dir [/lib/x86_64-linux-gnu]
    arg [-L/lib/../lib64] ==> dir [/lib/../lib64]
    arg [-L/usr/lib/x86_64-linux-gnu] ==> dir [/usr/lib/x86_64-linux-gnu]
    arg [-L/usr/lib/../lib64] ==> dir [/usr/lib/../lib64]
    arg [-L/usr/lib/gcc/x86_64-unknown-linux-gnu/11.3.0/../../../../x86_64-unknown-linux-gnu/lib] ==> dir [/usr/lib/gcc/x86_64-unknown-linux-gnu/11.3.0/../../../../x86_64-unknown-linux-gnu/lib]
    arg [-L/usr/lib/gcc/x86_64-unknown-linux-gnu/11.3.0/../../..] ==> dir [/usr/lib/gcc/x86_64-unknown-linux-gnu/11.3.0/../../..]
    arg [CMakeFiles/cmTC_2ce2c.dir/CMakeCCompilerABI.c.o] ==> ignore
    arg [-lgcc] ==> lib [gcc]
    arg [--push-state] ==> ignore
    arg [--as-needed] ==> ignore
    arg [-lgcc_s] ==> lib [gcc_s]
    arg [--pop-state] ==> ignore
    arg [-lc] ==> lib [c]
    arg [-lgcc] ==> lib [gcc]
    arg [--push-state] ==> ignore
    arg [--as-needed] ==> ignore
    arg [-lgcc_s] ==> lib [gcc_s]
    arg [--pop-state] ==> ignore
    arg [/usr/lib/gcc/x86_64-unknown-linux-gnu/11.3.0/crtendS.o] ==> obj [/usr/lib/gcc/x86_64-unknown-linux-gnu/11.3.0/crtendS.o]
    arg [/usr/lib/gcc/x86_64-unknown-linux-gnu/11.3.0/../../../x86_64-linux-gnu/crtn.o] ==> obj [/usr/lib/gcc/x86_64-unknown-linux-gnu/11.3.0/../../../x86_64-linux-gnu/crtn.o]
  collapse obj [/usr/lib/gcc/x86_64-unknown-linux-gnu/11.3.0/../../../x86_64-linux-gnu/Scrt1.o] ==> [/usr/lib/x86_64-linux-gnu/Scrt1.o]
  collapse obj [/usr/lib/gcc/x86_64-unknown-linux-gnu/11.3.0/../../../x86_64-linux-gnu/crti.o] ==> [/usr/lib/x86_64-linux-gnu/crti.o]
  collapse obj [/usr/lib/gcc/x86_64-unknown-linux-gnu/11.3.0/../../../x86_64-linux-gnu/crtn.o] ==> [/usr/lib/x86_64-linux-gnu/crtn.o]
  collapse library dir [/app/lib] ==> [/app/lib]
  collapse library dir [/usr/lib/gcc/x86_64-unknown-linux-gnu/11.3.0] ==> [/usr/lib/gcc/x86_64-unknown-linux-gnu/11.3.0]
  collapse library dir [/usr/lib/gcc/x86_64-unknown-linux-gnu/11.3.0/../../../x86_64-linux-gnu] ==> [/usr/lib/x86_64-linux-gnu]
  collapse library dir [/usr/lib/gcc/x86_64-unknown-linux-gnu/11.3.0/../../../../lib64] ==> [/usr/lib64]
  collapse library dir [/lib/x86_64-linux-gnu] ==> [/lib/x86_64-linux-gnu]
  collapse library dir [/lib/../lib64] ==> [/lib64]
  collapse library dir [/usr/lib/x86_64-linux-gnu] ==> [/usr/lib/x86_64-linux-gnu]
  collapse library dir [/usr/lib/../lib64] ==> [/usr/lib64]
  collapse library dir [/usr/lib/gcc/x86_64-unknown-linux-gnu/11.3.0/../../../../x86_64-unknown-linux-gnu/lib] ==> [/usr/x86_64-unknown-linux-gnu/lib]
  collapse library dir [/usr/lib/gcc/x86_64-unknown-linux-gnu/11.3.0/../../..] ==> [/usr/lib]
  implicit libs: [gcc;gcc_s;c;gcc;gcc_s]
  implicit objs: [/usr/lib/x86_64-linux-gnu/Scrt1.o;/usr/lib/x86_64-linux-gnu/crti.o;/usr/lib/gcc/x86_64-unknown-linux-gnu/11.3.0/crtbeginS.o;/usr/lib/gcc/x86_64-unknown-linux-gnu/11.3.0/crtendS.o;/usr/lib/x86_64-linux-gnu/crtn.o]
  implicit dirs: [/app/lib;/usr/lib/gcc/x86_64-unknown-linux-gnu/11.3.0;/usr/lib/x86_64-linux-gnu;/usr/lib64;/lib/x86_64-linux-gnu;/lib64;/usr/x86_64-unknown-linux-gnu/lib;/usr/lib]
  implicit fwks: []


Detecting CXX compiler ABI info compiled with the following output:
Change Dir: /home/benoit/dev/Remmina/flatpak/_flatpak_build/CMakeFiles/CMakeTmp

Run Build Command(s):/usr/bin/ninja cmTC_70965 && [1/2] Building CXX object CMakeFiles/cmTC_70965.dir/CMakeCXXCompilerABI.cpp.o
Using built-in specs.
COLLECT_GCC=/usr/bin/c++
Target: x86_64-unknown-linux-gnu
Configured with: ../configure --prefix=/usr --exec-prefix=/usr --bindir=/usr/bin --sbindir=/usr/bin --sysconfdir=/etc --datadir=/usr/share --includedir=/usr/include --libdir=/usr/lib --libexecdir=/usr/libexec --localstatedir=/var --sharedstatedir=/usr/com --mandir=/usr/share/man --infodir=/usr/share/info --enable-deterministic-archives --enable-shared --build=x86_64-unknown-linux-gnu --host=x86_64-unknown-linux-gnu lt_cv_sys_lib_dlsearch_path_spec=/usr/lib/x86_64-linux-gnu --target=x86_64-unknown-linux-gnu --disable-multilib --enable-multiarch --disable-bootstrap --with-build-sysroot=/cross-installation --enable-languages=c,c++,fortran,objc,obj-c++ --enable-default-pie --enable-default-ssp --with-isl --disable-libssp --enable-linker-build-id --disable-libstdcxx-filesystem-ts --enable-cet host_configargs=lt_cv_sys_lib_dlsearch_path_spec=/usr/lib/x86_64-linux-gnu target_configargs=lt_cv_sys_lib_dlsearch_path_spec=/usr/lib/x86_64-linux-gnu
Thread model: posix
Supported LTO compression algorithms: zlib
gcc version 11.3.0 (GCC) 
COLLECT_GCC_OPTIONS='-v' '-o' 'CMakeFiles/cmTC_70965.dir/CMakeCXXCompilerABI.cpp.o' '-c' '-shared-libgcc' '-mtune=generic' '-march=x86-64' '-dumpdir' 'CMakeFiles/cmTC_70965.dir/'
 /usr/libexec/gcc/x86_64-unknown-linux-gnu/11.3.0/cc1plus -quiet -v -imultiarch x86_64-linux-gnu -D_GNU_SOURCE /usr/share/cmake-3.23/Modules/CMakeCXXCompilerABI.cpp -quiet -dumpdir CMakeFiles/cmTC_70965.dir/ -dumpbase CMakeCXXCompilerABI.cpp.cpp -dumpbase-ext .cpp -mtune=generic -march=x86-64 -version -o /tmp/cc9iZpyM.s
GNU C++17 (GCC) version 11.3.0 (x86_64-unknown-linux-gnu)
	compiled by GNU C version 11.3.0, GMP version 6.2.1, MPFR version 4.1.0, MPC version 1.2.1, isl version isl-0.24-GMP

GGC heuristics: --param ggc-min-expand=100 --param ggc-min-heapsize=131072
ignoring nonexistent directory "/usr/local/include/x86_64-linux-gnu"
ignoring nonexistent directory "/usr/local/include"
ignoring nonexistent directory "/usr/lib/gcc/x86_64-unknown-linux-gnu/11.3.0/../../../../x86_64-unknown-linux-gnu/include"
#include "..." search starts here:
#include <...> search starts here:
 /app/include
 /usr/lib/gcc/x86_64-unknown-linux-gnu/11.3.0/../../../../include/c++/11.3.0
 /usr/lib/gcc/x86_64-unknown-linux-gnu/11.3.0/../../../../include/c++/11.3.0/x86_64-unknown-linux-gnu
 /usr/lib/gcc/x86_64-unknown-linux-gnu/11.3.0/../../../../include/c++/11.3.0/backward
 /usr/lib/gcc/x86_64-unknown-linux-gnu/11.3.0/include
 /usr/lib/gcc/x86_64-unknown-linux-gnu/11.3.0/include-fixed
 /usr/include/x86_64-linux-gnu
 /usr/include
End of search list.
GNU C++17 (GCC) version 11.3.0 (x86_64-unknown-linux-gnu)
	compiled by GNU C version 11.3.0, GMP version 6.2.1, MPFR version 4.1.0, MPC version 1.2.1, isl version isl-0.24-GMP

GGC heuristics: --param ggc-min-expand=100 --param ggc-min-heapsize=131072
Compiler executable checksum: 87fd9d9c346513e0f8457ef44881680a
COLLECT_GCC_OPTIONS='-v' '-o' 'CMakeFiles/cmTC_70965.dir/CMakeCXXCompilerABI.cpp.o' '-c' '-shared-libgcc' '-mtune=generic' '-march=x86-64' '-dumpdir' 'CMakeFiles/cmTC_70965.dir/'
 /usr/lib/gcc/x86_64-unknown-linux-gnu/11.3.0/../../../../x86_64-unknown-linux-gnu/bin/as -v --64 -o CMakeFiles/cmTC_70965.dir/CMakeCXXCompilerABI.cpp.o /tmp/cc9iZpyM.s
GNU assembler version 2.37 (x86_64-unknown-linux-gnu) using BFD version (GNU Binutils) 2.37
COMPILER_PATH=/usr/libexec/gcc/x86_64-unknown-linux-gnu/11.3.0/:/usr/libexec/gcc/x86_64-unknown-linux-gnu/11.3.0/:/usr/libexec/gcc/x86_64-unknown-linux-gnu/:/usr/lib/gcc/x86_64-unknown-linux-gnu/11.3.0/:/usr/lib/gcc/x86_64-unknown-linux-gnu/:/usr/lib/gcc/x86_64-unknown-linux-gnu/11.3.0/../../../../x86_64-unknown-linux-gnu/bin/
LIBRARY_PATH=/usr/lib/gcc/x86_64-unknown-linux-gnu/11.3.0/:/usr/lib/gcc/x86_64-unknown-linux-gnu/11.3.0/../../../x86_64-linux-gnu/:/usr/lib/gcc/x86_64-unknown-linux-gnu/11.3.0/../../../../lib64/:/lib/x86_64-linux-gnu/:/lib/../lib64/:/usr/lib/x86_64-linux-gnu/:/usr/lib/../lib64/:/usr/lib/gcc/x86_64-unknown-linux-gnu/11.3.0/../../../../x86_64-unknown-linux-gnu/lib/:/usr/lib/gcc/x86_64-unknown-linux-gnu/11.3.0/../../../:/lib/:/usr/lib/
COLLECT_GCC_OPTIONS='-v' '-o' 'CMakeFiles/cmTC_70965.dir/CMakeCXXCompilerABI.cpp.o' '-c' '-shared-libgcc' '-mtune=generic' '-march=x86-64' '-dumpdir' 'CMakeFiles/cmTC_70965.dir/CMakeCXXCompilerABI.cpp.'
[2/2] Linking CXX executable cmTC_70965
Using built-in specs.
COLLECT_GCC=/usr/bin/c++
COLLECT_LTO_WRAPPER=/usr/libexec/gcc/x86_64-unknown-linux-gnu/11.3.0/lto-wrapper
Target: x86_64-unknown-linux-gnu
Configured with: ../configure --prefix=/usr --exec-prefix=/usr --bindir=/usr/bin --sbindir=/usr/bin --sysconfdir=/etc --datadir=/usr/share --includedir=/usr/include --libdir=/usr/lib --libexecdir=/usr/libexec --localstatedir=/var --sharedstatedir=/usr/com --mandir=/usr/share/man --infodir=/usr/share/info --enable-deterministic-archives --enable-shared --build=x86_64-unknown-linux-gnu --host=x86_64-unknown-linux-gnu lt_cv_sys_lib_dlsearch_path_spec=/usr/lib/x86_64-linux-gnu --target=x86_64-unknown-linux-gnu --disable-multilib --enable-multiarch --disable-bootstrap --with-build-sysroot=/cross-installation --enable-languages=c,c++,fortran,objc,obj-c++ --enable-default-pie --enable-default-ssp --with-isl --disable-libssp --enable-linker-build-id --disable-libstdcxx-filesystem-ts --enable-cet host_configargs=lt_cv_sys_lib_dlsearch_path_spec=/usr/lib/x86_64-linux-gnu target_configargs=lt_cv_sys_lib_dlsearch_path_spec=/usr/lib/x86_64-linux-gnu
Thread model: posix
Supported LTO compression algorithms: zlib
gcc version 11.3.0 (GCC) 
COMPILER_PATH=/usr/libexec/gcc/x86_64-unknown-linux-gnu/11.3.0/:/usr/libexec/gcc/x86_64-unknown-linux-gnu/11.3.0/:/usr/libexec/gcc/x86_64-unknown-linux-gnu/:/usr/lib/gcc/x86_64-unknown-linux-gnu/11.3.0/:/usr/lib/gcc/x86_64-unknown-linux-gnu/:/usr/lib/gcc/x86_64-unknown-linux-gnu/11.3.0/../../../../x86_64-unknown-linux-gnu/bin/
LIBRARY_PATH=/usr/lib/gcc/x86_64-unknown-linux-gnu/11.3.0/:/usr/lib/gcc/x86_64-unknown-linux-gnu/11.3.0/../../../x86_64-linux-gnu/:/usr/lib/gcc/x86_64-unknown-linux-gnu/11.3.0/../../../../lib64/:/lib/x86_64-linux-gnu/:/lib/../lib64/:/usr/lib/x86_64-linux-gnu/:/usr/lib/../lib64/:/usr/lib/gcc/x86_64-unknown-linux-gnu/11.3.0/../../../../x86_64-unknown-linux-gnu/lib/:/usr/lib/gcc/x86_64-unknown-linux-gnu/11.3.0/../../../:/lib/:/usr/lib/
COLLECT_GCC_OPTIONS='-L/app/lib' '-v' '-o' 'cmTC_70965' '-shared-libgcc' '-mtune=generic' '-march=x86-64' '-dumpdir' 'cmTC_70965.'
 /usr/libexec/gcc/x86_64-unknown-linux-gnu/11.3.0/collect2 -plugin /usr/libexec/gcc/x86_64-unknown-linux-gnu/11.3.0/liblto_plugin.so -plugin-opt=/usr/libexec/gcc/x86_64-unknown-linux-gnu/11.3.0/lto-wrapper -plugin-opt=-fresolution=/tmp/ccLaceTC.res -plugin-opt=-pass-through=-lgcc_s -plugin-opt=-pass-through=-lgcc -plugin-opt=-pass-through=-lc -plugin-opt=-pass-through=-lgcc_s -plugin-opt=-pass-through=-lgcc --build-id --eh-frame-hdr -m elf_x86_64 -dynamic-linker /lib64/ld-linux-x86-64.so.2 -pie -o cmTC_70965 /usr/lib/gcc/x86_64-unknown-linux-gnu/11.3.0/../../../x86_64-linux-gnu/Scrt1.o /usr/lib/gcc/x86_64-unknown-linux-gnu/11.3.0/../../../x86_64-linux-gnu/crti.o /usr/lib/gcc/x86_64-unknown-linux-gnu/11.3.0/crtbeginS.o -L/app/lib -L/usr/lib/gcc/x86_64-unknown-linux-gnu/11.3.0 -L/usr/lib/gcc/x86_64-unknown-linux-gnu/11.3.0/../../../x86_64-linux-gnu -L/usr/lib/gcc/x86_64-unknown-linux-gnu/11.3.0/../../../../lib64 -L/lib/x86_64-linux-gnu -L/lib/../lib64 -L/usr/lib/x86_64-linux-gnu -L/usr/lib/../lib64 -L/usr/lib/gcc/x86_64-unknown-linux-gnu/11.3.0/../../../../x86_64-unknown-linux-gnu/lib -L/usr/lib/gcc/x86_64-unknown-linux-gnu/11.3.0/../../.. CMakeFiles/cmTC_70965.dir/CMakeCXXCompilerABI.cpp.o -lstdc++ -lm -lgcc_s -lgcc -lc -lgcc_s -lgcc /usr/lib/gcc/x86_64-unknown-linux-gnu/11.3.0/crtendS.o /usr/lib/gcc/x86_64-unknown-linux-gnu/11.3.0/../../../x86_64-linux-gnu/crtn.o
COLLECT_GCC_OPTIONS='-L/app/lib' '-v' '-o' 'cmTC_70965' '-shared-libgcc' '-mtune=generic' '-march=x86-64' '-dumpdir' 'cmTC_70965.'



Parsed CXX implicit include dir info from above output: rv=done
  found start of include info
  found start of implicit include info
    add: [/app/include]
    add: [/usr/lib/gcc/x86_64-unknown-linux-gnu/11.3.0/../../../../include/c++/11.3.0]
    add: [/usr/lib/gcc/x86_64-unknown-linux-gnu/11.3.0/../../../../include/c++/11.3.0/x86_64-unknown-linux-gnu]
    add: [/usr/lib/gcc/x86_64-unknown-linux-gnu/11.3.0/../../../../include/c++/11.3.0/backward]
    add: [/usr/lib/gcc/x86_64-unknown-linux-gnu/11.3.0/include]
    add: [/usr/lib/gcc/x86_64-unknown-linux-gnu/11.3.0/include-fixed]
    add: [/usr/include/x86_64-linux-gnu]
    add: [/usr/include]
  end of search list found
  collapse include dir [/app/include] ==> [/app/include]
  collapse include dir [/usr/lib/gcc/x86_64-unknown-linux-gnu/11.3.0/../../../../include/c++/11.3.0] ==> [/usr/include/c++/11.3.0]
  collapse include dir [/usr/lib/gcc/x86_64-unknown-linux-gnu/11.3.0/../../../../include/c++/11.3.0/x86_64-unknown-linux-gnu] ==> [/usr/include/c++/11.3.0/x86_64-unknown-linux-gnu]
  collapse include dir [/usr/lib/gcc/x86_64-unknown-linux-gnu/11.3.0/../../../../include/c++/11.3.0/backward] ==> [/usr/include/c++/11.3.0/backward]
  collapse include dir [/usr/lib/gcc/x86_64-unknown-linux-gnu/11.3.0/include] ==> [/usr/lib/gcc/x86_64-unknown-linux-gnu/11.3.0/include]
  collapse include dir [/usr/lib/gcc/x86_64-unknown-linux-gnu/11.3.0/include-fixed] ==> [/usr/lib/gcc/x86_64-unknown-linux-gnu/11.3.0/include-fixed]
  collapse include dir [/usr/include/x86_64-linux-gnu] ==> [/usr/include/x86_64-linux-gnu]
  collapse include dir [/usr/include] ==> [/usr/include]
  implicit include dirs: [/app/include;/usr/include/c++/11.3.0;/usr/include/c++/11.3.0/x86_64-unknown-linux-gnu;/usr/include/c++/11.3.0/backward;/usr/lib/gcc/x86_64-unknown-linux-gnu/11.3.0/include;/usr/lib/gcc/x86_64-unknown-linux-gnu/11.3.0/include-fixed;/usr/include/x86_64-linux-gnu;/usr/include]


Parsed CXX implicit link information from above output:
  link line regex: [^( *|.*[/\])(ld|CMAKE_LINK_STARTFILE-NOTFOUND|([^/\]+-)?ld|collect2)[^/\]*( |$)]
  ignore line: [Change Dir: /home/benoit/dev/Remmina/flatpak/_flatpak_build/CMakeFiles/CMakeTmp]
  ignore line: []
  ignore line: [Run Build Command(s):/usr/bin/ninja cmTC_70965 && [1/2] Building CXX object CMakeFiles/cmTC_70965.dir/CMakeCXXCompilerABI.cpp.o]
  ignore line: [Using built-in specs.]
  ignore line: [COLLECT_GCC=/usr/bin/c++]
  ignore line: [Target: x86_64-unknown-linux-gnu]
  ignore line: [Configured with: ../configure --prefix=/usr --exec-prefix=/usr --bindir=/usr/bin --sbindir=/usr/bin --sysconfdir=/etc --datadir=/usr/share --includedir=/usr/include --libdir=/usr/lib --libexecdir=/usr/libexec --localstatedir=/var --sharedstatedir=/usr/com --mandir=/usr/share/man --infodir=/usr/share/info --enable-deterministic-archives --enable-shared --build=x86_64-unknown-linux-gnu --host=x86_64-unknown-linux-gnu lt_cv_sys_lib_dlsearch_path_spec=/usr/lib/x86_64-linux-gnu --target=x86_64-unknown-linux-gnu --disable-multilib --enable-multiarch --disable-bootstrap --with-build-sysroot=/cross-installation --enable-languages=c c++ fortran objc obj-c++ --enable-default-pie --enable-default-ssp --with-isl --disable-libssp --enable-linker-build-id --disable-libstdcxx-filesystem-ts --enable-cet host_configargs=lt_cv_sys_lib_dlsearch_path_spec=/usr/lib/x86_64-linux-gnu target_configargs=lt_cv_sys_lib_dlsearch_path_spec=/usr/lib/x86_64-linux-gnu]
  ignore line: [Thread model: posix]
  ignore line: [Supported LTO compression algorithms: zlib]
  ignore line: [gcc version 11.3.0 (GCC) ]
  ignore line: [COLLECT_GCC_OPTIONS='-v' '-o' 'CMakeFiles/cmTC_70965.dir/CMakeCXXCompilerABI.cpp.o' '-c' '-shared-libgcc' '-mtune=generic' '-march=x86-64' '-dumpdir' 'CMakeFiles/cmTC_70965.dir/']
  ignore line: [ /usr/libexec/gcc/x86_64-unknown-linux-gnu/11.3.0/cc1plus -quiet -v -imultiarch x86_64-linux-gnu -D_GNU_SOURCE /usr/share/cmake-3.23/Modules/CMakeCXXCompilerABI.cpp -quiet -dumpdir CMakeFiles/cmTC_70965.dir/ -dumpbase CMakeCXXCompilerABI.cpp.cpp -dumpbase-ext .cpp -mtune=generic -march=x86-64 -version -o /tmp/cc9iZpyM.s]
  ignore line: [GNU C++17 (GCC) version 11.3.0 (x86_64-unknown-linux-gnu)]
  ignore line: [	compiled by GNU C version 11.3.0  GMP version 6.2.1  MPFR version 4.1.0  MPC version 1.2.1  isl version isl-0.24-GMP]
  ignore line: []
  ignore line: [GGC heuristics: --param ggc-min-expand=100 --param ggc-min-heapsize=131072]
  ignore line: [ignoring nonexistent directory "/usr/local/include/x86_64-linux-gnu"]
  ignore line: [ignoring nonexistent directory "/usr/local/include"]
  ignore line: [ignoring nonexistent directory "/usr/lib/gcc/x86_64-unknown-linux-gnu/11.3.0/../../../../x86_64-unknown-linux-gnu/include"]
  ignore line: [#include "..." search starts here:]
  ignore line: [#include <...> search starts here:]
  ignore line: [ /app/include]
  ignore line: [ /usr/lib/gcc/x86_64-unknown-linux-gnu/11.3.0/../../../../include/c++/11.3.0]
  ignore line: [ /usr/lib/gcc/x86_64-unknown-linux-gnu/11.3.0/../../../../include/c++/11.3.0/x86_64-unknown-linux-gnu]
  ignore line: [ /usr/lib/gcc/x86_64-unknown-linux-gnu/11.3.0/../../../../include/c++/11.3.0/backward]
  ignore line: [ /usr/lib/gcc/x86_64-unknown-linux-gnu/11.3.0/include]
  ignore line: [ /usr/lib/gcc/x86_64-unknown-linux-gnu/11.3.0/include-fixed]
  ignore line: [ /usr/include/x86_64-linux-gnu]
  ignore line: [ /usr/include]
  ignore line: [End of search list.]
  ignore line: [GNU C++17 (GCC) version 11.3.0 (x86_64-unknown-linux-gnu)]
  ignore line: [	compiled by GNU C version 11.3.0  GMP version 6.2.1  MPFR version 4.1.0  MPC version 1.2.1  isl version isl-0.24-GMP]
  ignore line: []
  ignore line: [GGC heuristics: --param ggc-min-expand=100 --param ggc-min-heapsize=131072]
  ignore line: [Compiler executable checksum: 87fd9d9c346513e0f8457ef44881680a]
  ignore line: [COLLECT_GCC_OPTIONS='-v' '-o' 'CMakeFiles/cmTC_70965.dir/CMakeCXXCompilerABI.cpp.o' '-c' '-shared-libgcc' '-mtune=generic' '-march=x86-64' '-dumpdir' 'CMakeFiles/cmTC_70965.dir/']
  ignore line: [ /usr/lib/gcc/x86_64-unknown-linux-gnu/11.3.0/../../../../x86_64-unknown-linux-gnu/bin/as -v --64 -o CMakeFiles/cmTC_70965.dir/CMakeCXXCompilerABI.cpp.o /tmp/cc9iZpyM.s]
  ignore line: [GNU assembler version 2.37 (x86_64-unknown-linux-gnu) using BFD version (GNU Binutils) 2.37]
  ignore line: [COMPILER_PATH=/usr/libexec/gcc/x86_64-unknown-linux-gnu/11.3.0/:/usr/libexec/gcc/x86_64-unknown-linux-gnu/11.3.0/:/usr/libexec/gcc/x86_64-unknown-linux-gnu/:/usr/lib/gcc/x86_64-unknown-linux-gnu/11.3.0/:/usr/lib/gcc/x86_64-unknown-linux-gnu/:/usr/lib/gcc/x86_64-unknown-linux-gnu/11.3.0/../../../../x86_64-unknown-linux-gnu/bin/]
  ignore line: [LIBRARY_PATH=/usr/lib/gcc/x86_64-unknown-linux-gnu/11.3.0/:/usr/lib/gcc/x86_64-unknown-linux-gnu/11.3.0/../../../x86_64-linux-gnu/:/usr/lib/gcc/x86_64-unknown-linux-gnu/11.3.0/../../../../lib64/:/lib/x86_64-linux-gnu/:/lib/../lib64/:/usr/lib/x86_64-linux-gnu/:/usr/lib/../lib64/:/usr/lib/gcc/x86_64-unknown-linux-gnu/11.3.0/../../../../x86_64-unknown-linux-gnu/lib/:/usr/lib/gcc/x86_64-unknown-linux-gnu/11.3.0/../../../:/lib/:/usr/lib/]
  ignore line: [COLLECT_GCC_OPTIONS='-v' '-o' 'CMakeFiles/cmTC_70965.dir/CMakeCXXCompilerABI.cpp.o' '-c' '-shared-libgcc' '-mtune=generic' '-march=x86-64' '-dumpdir' 'CMakeFiles/cmTC_70965.dir/CMakeCXXCompilerABI.cpp.']
  ignore line: [[2/2] Linking CXX executable cmTC_70965]
  ignore line: [Using built-in specs.]
  ignore line: [COLLECT_GCC=/usr/bin/c++]
  ignore line: [COLLECT_LTO_WRAPPER=/usr/libexec/gcc/x86_64-unknown-linux-gnu/11.3.0/lto-wrapper]
  ignore line: [Target: x86_64-unknown-linux-gnu]
  ignore line: [Configured with: ../configure --prefix=/usr --exec-prefix=/usr --bindir=/usr/bin --sbindir=/usr/bin --sysconfdir=/etc --datadir=/usr/share --includedir=/usr/include --libdir=/usr/lib --libexecdir=/usr/libexec --localstatedir=/var --sharedstatedir=/usr/com --mandir=/usr/share/man --infodir=/usr/share/info --enable-deterministic-archives --enable-shared --build=x86_64-unknown-linux-gnu --host=x86_64-unknown-linux-gnu lt_cv_sys_lib_dlsearch_path_spec=/usr/lib/x86_64-linux-gnu --target=x86_64-unknown-linux-gnu --disable-multilib --enable-multiarch --disable-bootstrap --with-build-sysroot=/cross-installation --enable-languages=c c++ fortran objc obj-c++ --enable-default-pie --enable-default-ssp --with-isl --disable-libssp --enable-linker-build-id --disable-libstdcxx-filesystem-ts --enable-cet host_configargs=lt_cv_sys_lib_dlsearch_path_spec=/usr/lib/x86_64-linux-gnu target_configargs=lt_cv_sys_lib_dlsearch_path_spec=/usr/lib/x86_64-linux-gnu]
  ignore line: [Thread model: posix]
  ignore line: [Supported LTO compression algorithms: zlib]
  ignore line: [gcc version 11.3.0 (GCC) ]
  ignore line: [COMPILER_PATH=/usr/libexec/gcc/x86_64-unknown-linux-gnu/11.3.0/:/usr/libexec/gcc/x86_64-unknown-linux-gnu/11.3.0/:/usr/libexec/gcc/x86_64-unknown-linux-gnu/:/usr/lib/gcc/x86_64-unknown-linux-gnu/11.3.0/:/usr/lib/gcc/x86_64-unknown-linux-gnu/:/usr/lib/gcc/x86_64-unknown-linux-gnu/11.3.0/../../../../x86_64-unknown-linux-gnu/bin/]
  ignore line: [LIBRARY_PATH=/usr/lib/gcc/x86_64-unknown-linux-gnu/11.3.0/:/usr/lib/gcc/x86_64-unknown-linux-gnu/11.3.0/../../../x86_64-linux-gnu/:/usr/lib/gcc/x86_64-unknown-linux-gnu/11.3.0/../../../../lib64/:/lib/x86_64-linux-gnu/:/lib/../lib64/:/usr/lib/x86_64-linux-gnu/:/usr/lib/../lib64/:/usr/lib/gcc/x86_64-unknown-linux-gnu/11.3.0/../../../../x86_64-unknown-linux-gnu/lib/:/usr/lib/gcc/x86_64-unknown-linux-gnu/11.3.0/../../../:/lib/:/usr/lib/]
  ignore line: [COLLECT_GCC_OPTIONS='-L/app/lib' '-v' '-o' 'cmTC_70965' '-shared-libgcc' '-mtune=generic' '-march=x86-64' '-dumpdir' 'cmTC_70965.']
  link line: [ /usr/libexec/gcc/x86_64-unknown-linux-gnu/11.3.0/collect2 -plugin /usr/libexec/gcc/x86_64-unknown-linux-gnu/11.3.0/liblto_plugin.so -plugin-opt=/usr/libexec/gcc/x86_64-unknown-linux-gnu/11.3.0/lto-wrapper -plugin-opt=-fresolution=/tmp/ccLaceTC.res -plugin-opt=-pass-through=-lgcc_s -plugin-opt=-pass-through=-lgcc -plugin-opt=-pass-through=-lc -plugin-opt=-pass-through=-lgcc_s -plugin-opt=-pass-through=-lgcc --build-id --eh-frame-hdr -m elf_x86_64 -dynamic-linker /lib64/ld-linux-x86-64.so.2 -pie -o cmTC_70965 /usr/lib/gcc/x86_64-unknown-linux-gnu/11.3.0/../../../x86_64-linux-gnu/Scrt1.o /usr/lib/gcc/x86_64-unknown-linux-gnu/11.3.0/../../../x86_64-linux-gnu/crti.o /usr/lib/gcc/x86_64-unknown-linux-gnu/11.3.0/crtbeginS.o -L/app/lib -L/usr/lib/gcc/x86_64-unknown-linux-gnu/11.3.0 -L/usr/lib/gcc/x86_64-unknown-linux-gnu/11.3.0/../../../x86_64-linux-gnu -L/usr/lib/gcc/x86_64-unknown-linux-gnu/11.3.0/../../../../lib64 -L/lib/x86_64-linux-gnu -L/lib/../lib64 -L/usr/lib/x86_64-linux-gnu -L/usr/lib/../lib64 -L/usr/lib/gcc/x86_64-unknown-linux-gnu/11.3.0/../../../../x86_64-unknown-linux-gnu/lib -L/usr/lib/gcc/x86_64-unknown-linux-gnu/11.3.0/../../.. CMakeFiles/cmTC_70965.dir/CMakeCXXCompilerABI.cpp.o -lstdc++ -lm -lgcc_s -lgcc -lc -lgcc_s -lgcc /usr/lib/gcc/x86_64-unknown-linux-gnu/11.3.0/crtendS.o /usr/lib/gcc/x86_64-unknown-linux-gnu/11.3.0/../../../x86_64-linux-gnu/crtn.o]
    arg [/usr/libexec/gcc/x86_64-unknown-linux-gnu/11.3.0/collect2] ==> ignore
    arg [-plugin] ==> ignore
    arg [/usr/libexec/gcc/x86_64-unknown-linux-gnu/11.3.0/liblto_plugin.so] ==> ignore
    arg [-plugin-opt=/usr/libexec/gcc/x86_64-unknown-linux-gnu/11.3.0/lto-wrapper] ==> ignore
    arg [-plugin-opt=-fresolution=/tmp/ccLaceTC.res] ==> ignore
    arg [-plugin-opt=-pass-through=-lgcc_s] ==> ignore
    arg [-plugin-opt=-pass-through=-lgcc] ==> ignore
    arg [-plugin-opt=-pass-through=-lc] ==> ignore
    arg [-plugin-opt=-pass-through=-lgcc_s] ==> ignore
    arg [-plugin-opt=-pass-through=-lgcc] ==> ignore
    arg [--build-id] ==> ignore
    arg [--eh-frame-hdr] ==> ignore
    arg [-m] ==> ignore
    arg [elf_x86_64] ==> ignore
    arg [-dynamic-linker] ==> ignore
    arg [/lib64/ld-linux-x86-64.so.2] ==> ignore
    arg [-pie] ==> ignore
    arg [-o] ==> ignore
    arg [cmTC_70965] ==> ignore
    arg [/usr/lib/gcc/x86_64-unknown-linux-gnu/11.3.0/../../../x86_64-linux-gnu/Scrt1.o] ==> obj [/usr/lib/gcc/x86_64-unknown-linux-gnu/11.3.0/../../../x86_64-linux-gnu/Scrt1.o]
    arg [/usr/lib/gcc/x86_64-unknown-linux-gnu/11.3.0/../../../x86_64-linux-gnu/crti.o] ==> obj [/usr/lib/gcc/x86_64-unknown-linux-gnu/11.3.0/../../../x86_64-linux-gnu/crti.o]
    arg [/usr/lib/gcc/x86_64-unknown-linux-gnu/11.3.0/crtbeginS.o] ==> obj [/usr/lib/gcc/x86_64-unknown-linux-gnu/11.3.0/crtbeginS.o]
    arg [-L/app/lib] ==> dir [/app/lib]
    arg [-L/usr/lib/gcc/x86_64-unknown-linux-gnu/11.3.0] ==> dir [/usr/lib/gcc/x86_64-unknown-linux-gnu/11.3.0]
    arg [-L/usr/lib/gcc/x86_64-unknown-linux-gnu/11.3.0/../../../x86_64-linux-gnu] ==> dir [/usr/lib/gcc/x86_64-unknown-linux-gnu/11.3.0/../../../x86_64-linux-gnu]
    arg [-L/usr/lib/gcc/x86_64-unknown-linux-gnu/11.3.0/../../../../lib64] ==> dir [/usr/lib/gcc/x86_64-unknown-linux-gnu/11.3.0/../../../../lib64]
    arg [-L/lib/x86_64-linux-gnu] ==> dir [/lib/x86_64-linux-gnu]
    arg [-L/lib/../lib64] ==> dir [/lib/../lib64]
    arg [-L/usr/lib/x86_64-linux-gnu] ==> dir [/usr/lib/x86_64-linux-gnu]
    arg [-L/usr/lib/../lib64] ==> dir [/usr/lib/../lib64]
    arg [-L/usr/lib/gcc/x86_64-unknown-linux-gnu/11.3.0/../../../../x86_64-unknown-linux-gnu/lib] ==> dir [/usr/lib/gcc/x86_64-unknown-linux-gnu/11.3.0/../../../../x86_64-unknown-linux-gnu/lib]
    arg [-L/usr/lib/gcc/x86_64-unknown-linux-gnu/11.3.0/../../..] ==> dir [/usr/lib/gcc/x86_64-unknown-linux-gnu/11.3.0/../../..]
    arg [CMakeFiles/cmTC_70965.dir/CMakeCXXCompilerABI.cpp.o] ==> ignore
    arg [-lstdc++] ==> lib [stdc++]
    arg [-lm] ==> lib [m]
    arg [-lgcc_s] ==> lib [gcc_s]
    arg [-lgcc] ==> lib [gcc]
    arg [-lc] ==> lib [c]
    arg [-lgcc_s] ==> lib [gcc_s]
    arg [-lgcc] ==> lib [gcc]
    arg [/usr/lib/gcc/x86_64-unknown-linux-gnu/11.3.0/crtendS.o] ==> obj [/usr/lib/gcc/x86_64-unknown-linux-gnu/11.3.0/crtendS.o]
    arg [/usr/lib/gcc/x86_64-unknown-linux-gnu/11.3.0/../../../x86_64-linux-gnu/crtn.o] ==> obj [/usr/lib/gcc/x86_64-unknown-linux-gnu/11.3.0/../../../x86_64-linux-gnu/crtn.o]
  collapse obj [/usr/lib/gcc/x86_64-unknown-linux-gnu/11.3.0/../../../x86_64-linux-gnu/Scrt1.o] ==> [/usr/lib/x86_64-linux-gnu/Scrt1.o]
  collapse obj [/usr/lib/gcc/x86_64-unknown-linux-gnu/11.3.0/../../../x86_64-linux-gnu/crti.o] ==> [/usr/lib/x86_64-linux-gnu/crti.o]
  collapse obj [/usr/lib/gcc/x86_64-unknown-linux-gnu/11.3.0/../../../x86_64-linux-gnu/crtn.o] ==> [/usr/lib/x86_64-linux-gnu/crtn.o]
  collapse library dir [/app/lib] ==> [/app/lib]
  collapse library dir [/usr/lib/gcc/x86_64-unknown-linux-gnu/11.3.0] ==> [/usr/lib/gcc/x86_64-unknown-linux-gnu/11.3.0]
  collapse library dir [/usr/lib/gcc/x86_64-unknown-linux-gnu/11.3.0/../../../x86_64-linux-gnu] ==> [/usr/lib/x86_64-linux-gnu]
  collapse library dir [/usr/lib/gcc/x86_64-unknown-linux-gnu/11.3.0/../../../../lib64] ==> [/usr/lib64]
  collapse library dir [/lib/x86_64-linux-gnu] ==> [/lib/x86_64-linux-gnu]
  collapse library dir [/lib/../lib64] ==> [/lib64]
  collapse library dir [/usr/lib/x86_64-linux-gnu] ==> [/usr/lib/x86_64-linux-gnu]
  collapse library dir [/usr/lib/../lib64] ==> [/usr/lib64]
  collapse library dir [/usr/lib/gcc/x86_64-unknown-linux-gnu/11.3.0/../../../../x86_64-unknown-linux-gnu/lib] ==> [/usr/x86_64-unknown-linux-gnu/lib]
  collapse library dir [/usr/lib/gcc/x86_64-unknown-linux-gnu/11.3.0/../../..] ==> [/usr/lib]
  implicit libs: [stdc++;m;gcc_s;gcc;c;gcc_s;gcc]
  implicit objs: [/usr/lib/x86_64-linux-gnu/Scrt1.o;/usr/lib/x86_64-linux-gnu/crti.o;/usr/lib/gcc/x86_64-unknown-linux-gnu/11.3.0/crtbeginS.o;/usr/lib/gcc/x86_64-unknown-linux-gnu/11.3.0/crtendS.o;/usr/lib/x86_64-linux-gnu/crtn.o]
  implicit dirs: [/app/lib;/usr/lib/gcc/x86_64-unknown-linux-gnu/11.3.0;/usr/lib/x86_64-linux-gnu;/usr/lib64;/lib/x86_64-linux-gnu;/lib64;/usr/x86_64-unknown-linux-gnu/lib;/usr/lib]
  implicit fwks: []


Performing C SOURCE FILE Test Intl_IS_BUILT_IN succeeded with the following output:
Change Dir: /home/benoit/dev/Remmina/flatpak/_flatpak_build/CMakeFiles/CMakeTmp

Run Build Command(s):/usr/bin/ninja cmTC_2989c && [1/2] Building C object CMakeFiles/cmTC_2989c.dir/src.c.o
[2/2] Linking C executable cmTC_2989c


Source file was:
#include <libintl.h>
int main(void) {
  gettext("");
  dgettext("", "");
  dcgettext("", "", 0);
  return 0;
}

Determining if the __x86_64__ exist passed with the following output:
Change Dir: /home/benoit/dev/Remmina/flatpak/_flatpak_build/CMakeFiles/CMakeTmp

Run Build Command(s):/usr/bin/ninja cmTC_648ea && [1/2] Building C object CMakeFiles/cmTC_648ea.dir/CheckSymbolExists.c.o
[2/2] Linking C executable cmTC_648ea


File /home/benoit/dev/Remmina/flatpak/_flatpak_build/CMakeFiles/CMakeTmp/CheckSymbolExists.c:
/* */

int main(int argc, char** argv)
{
  (void)argv;
#ifndef __x86_64__
  return ((int*)(&__x86_64__))[argc];
#else
  (void)argc;
  return 0;
#endif
}
Determining if files sys/socket.h exist passed with the following output:
Change Dir: /home/benoit/dev/Remmina/flatpak/_flatpak_build/CMakeFiles/CMakeTmp

Run Build Command(s):/usr/bin/ninja cmTC_e5717 && [1/2] Building C object CMakeFiles/cmTC_e5717.dir/HAVE_SYS_SOCKET_H.c.o
[2/2] Linking C executable cmTC_e5717



Determining if files arpa/inet.h exist passed with the following output:
Change Dir: /home/benoit/dev/Remmina/flatpak/_flatpak_build/CMakeFiles/CMakeTmp

Run Build Command(s):/usr/bin/ninja cmTC_c6366 && [1/2] Building C object CMakeFiles/cmTC_c6366.dir/HAVE_ARPA_INET_H.c.o
[2/2] Linking C executable cmTC_c6366



Determining if files netinet/in.h exist passed with the following output:
Change Dir: /home/benoit/dev/Remmina/flatpak/_flatpak_build/CMakeFiles/CMakeTmp

Run Build Command(s):/usr/bin/ninja cmTC_7b719 && [1/2] Building C object CMakeFiles/cmTC_7b719.dir/HAVE_NETINET_IN_H.c.o
[2/2] Linking C executable cmTC_7b719



Determining if files netinet/tcp.h exist passed with the following output:
Change Dir: /home/benoit/dev/Remmina/flatpak/_flatpak_build/CMakeFiles/CMakeTmp

Run Build Command(s):/usr/bin/ninja cmTC_e2a39 && [1/2] Building C object CMakeFiles/cmTC_e2a39.dir/HAVE_NETINET_TCP_H.c.o
[2/2] Linking C executable cmTC_e2a39



Determining if files termios.h exist passed with the following output:
Change Dir: /home/benoit/dev/Remmina/flatpak/_flatpak_build/CMakeFiles/CMakeTmp

Run Build Command(s):/usr/bin/ninja cmTC_79d0b && [1/2] Building C object CMakeFiles/cmTC_79d0b.dir/HAVE_TERMIOS_H.c.o
[2/2] Linking C executable cmTC_79d0b



Determining if files netdb.h exist passed with the following output:
Change Dir: /home/benoit/dev/Remmina/flatpak/_flatpak_build/CMakeFiles/CMakeTmp

Run Build Command(s):/usr/bin/ninja cmTC_c3b05 && [1/2] Building C object CMakeFiles/cmTC_c3b05.dir/HAVE_NETDB_H.c.o
[2/2] Linking C executable cmTC_c3b05



Determining if files fcntl.h exist passed with the following output:
Change Dir: /home/benoit/dev/Remmina/flatpak/_flatpak_build/CMakeFiles/CMakeTmp

Run Build Command(s):/usr/bin/ninja cmTC_f18b9 && [1/2] Building C object CMakeFiles/cmTC_f18b9.dir/HAVE_FCNTL_H.c.o
[2/2] Linking C executable cmTC_f18b9



Determining if files unistd.h exist passed with the following output:
Change Dir: /home/benoit/dev/Remmina/flatpak/_flatpak_build/CMakeFiles/CMakeTmp

Run Build Command(s):/usr/bin/ninja cmTC_9c5e9 && [1/2] Building C object CMakeFiles/cmTC_9c5e9.dir/HAVE_UNISTD_H.c.o
[2/2] Linking C executable cmTC_9c5e9



Determining if files sys/un.h exist passed with the following output:
Change Dir: /home/benoit/dev/Remmina/flatpak/_flatpak_build/CMakeFiles/CMakeTmp

Run Build Command(s):/usr/bin/ninja cmTC_c7472 && [1/2] Building C object CMakeFiles/cmTC_c7472.dir/HAVE_SYS_UN_H.c.o
[2/2] Linking C executable cmTC_c7472



Determining if files errno.h exist passed with the following output:
Change Dir: /home/benoit/dev/Remmina/flatpak/_flatpak_build/CMakeFiles/CMakeTmp

Run Build Command(s):/usr/bin/ninja cmTC_615dc && [1/2] Building C object CMakeFiles/cmTC_615dc.dir/HAVE_ERRNO_H.c.o
[2/2] Linking C executable cmTC_615dc



Determining if the include file pthread.h exists passed with the following output:
Change Dir: /home/benoit/dev/Remmina/flatpak/_flatpak_build/CMakeFiles/CMakeTmp

Run Build Command(s):/usr/bin/ninja cmTC_e4fe1 && [1/2] Building C object CMakeFiles/cmTC_e4fe1.dir/CheckIncludeFile.c.o
[2/2] Linking C executable cmTC_e4fe1



Determining if the function pthread_create exists in the pthread passed with the following output:
Change Dir: /home/benoit/dev/Remmina/flatpak/_flatpak_build/CMakeFiles/CMakeTmp

Run Build Command(s):/usr/bin/ninja cmTC_fb24d && [1/2] Building C object CMakeFiles/cmTC_fb24d.dir/CheckFunctionExists.c.o
[2/2] Linking C executable cmTC_fb24d



Determining if the function XOpenDisplay exists in the /usr/lib/x86_64-linux-gnu/libX11.so;/usr/lib/x86_64-linux-gnu/libXext.so passed with the following output:
Change Dir: /home/benoit/dev/Remmina/flatpak/_flatpak_build/CMakeFiles/CMakeTmp

Run Build Command(s):/usr/bin/ninja cmTC_207c2 && [1/2] Building C object CMakeFiles/cmTC_207c2.dir/CheckFunctionExists.c.o
[2/2] Linking C executable cmTC_207c2



Determining if the function gethostbyname exists passed with the following output:
Change Dir: /home/benoit/dev/Remmina/flatpak/_flatpak_build/CMakeFiles/CMakeTmp

Run Build Command(s):/usr/bin/ninja cmTC_7c4d4 && [1/2] Building C object CMakeFiles/cmTC_7c4d4.dir/CheckFunctionExists.c.o
[2/2] Linking C executable cmTC_7c4d4



Determining if the function connect exists passed with the following output:
Change Dir: /home/benoit/dev/Remmina/flatpak/_flatpak_build/CMakeFiles/CMakeTmp

Run Build Command(s):/usr/bin/ninja cmTC_51fb9 && [1/2] Building C object CMakeFiles/cmTC_51fb9.dir/CheckFunctionExists.c.o
[2/2] Linking C executable cmTC_51fb9



Determining if the function remove exists passed with the following output:
Change Dir: /home/benoit/dev/Remmina/flatpak/_flatpak_build/CMakeFiles/CMakeTmp

Run Build Command(s):/usr/bin/ninja cmTC_d8724 && [1/2] Building C object CMakeFiles/cmTC_d8724.dir/CheckFunctionExists.c.o
[2/2] Linking C executable cmTC_d8724



Determining if the function shmat exists passed with the following output:
Change Dir: /home/benoit/dev/Remmina/flatpak/_flatpak_build/CMakeFiles/CMakeTmp

Run Build Command(s):/usr/bin/ninja cmTC_3d7aa && [1/2] Building C object CMakeFiles/cmTC_3d7aa.dir/CheckFunctionExists.c.o
[2/2] Linking C executable cmTC_3d7aa



Determining if the function IceConnectionNumber exists in the ICE passed with the following output:
Change Dir: /home/benoit/dev/Remmina/flatpak/_flatpak_build/CMakeFiles/CMakeTmp

Run Build Command(s):/usr/bin/ninja cmTC_2ca7c && [1/2] Building C object CMakeFiles/cmTC_2ca7c.dir/CheckFunctionExists.c.o
[2/2] Linking C executable cmTC_2ca7c



