Performing C SOURCE FILE Test CMAKE_HAVE_LIBC_PTHREAD failed with the following output:
Change Dir: /home/toolsdevler/git/Remmina/cmake-build-release/CMakeFiles/CMakeTmp

Run Build Command(s):/usr/bin/make -f Makefile cmTC_08cc7/fast && /usr/bin/make  -f CMakeFiles/cmTC_08cc7.dir/build.make CMakeFiles/cmTC_08cc7.dir/build
make[1]: Entering directory '/home/toolsdevler/git/Remmina/cmake-build-release/CMakeFiles/CMakeTmp'
Building C object CMakeFiles/cmTC_08cc7.dir/src.c.o
/usr/bin/clang -DCMAKE_HAVE_LIBC_PTHREAD  -Wno-unused-parameter -Wno-unused-macros -Wno-padded -Wno-c11-extensions -Wno-gnu -Wno-unused-command-line-argument -Wno-deprecated-declarations  -MD -MT CMakeFiles/cmTC_08cc7.dir/src.c.o -MF CMakeFiles/cmTC_08cc7.dir/src.c.o.d -o CMakeFiles/cmTC_08cc7.dir/src.c.o -c /home/toolsdevler/git/Remmina/cmake-build-release/CMakeFiles/CMakeTmp/src.c
Linking C executable cmTC_08cc7
/snap/clion/162/bin/cmake/linux/bin/cmake -E cmake_link_script CMakeFiles/cmTC_08cc7.dir/link.txt --verbose=1
/usr/bin/clang  -Wno-unused-parameter -Wno-unused-macros -Wno-padded -Wno-c11-extensions -Wno-gnu -Wno-unused-command-line-argument -Wno-deprecated-declarations  CMakeFiles/cmTC_08cc7.dir/src.c.o -o cmTC_08cc7 
/usr/bin/ld: CMakeFiles/cmTC_08cc7.dir/src.c.o: in function `main':
src.c:(.text+0x25): undefined reference to `pthread_create'
/usr/bin/ld: src.c:(.text+0x31): undefined reference to `pthread_detach'
/usr/bin/ld: src.c:(.text+0x3d): undefined reference to `pthread_cancel'
/usr/bin/ld: src.c:(.text+0x4f): undefined reference to `pthread_join'
clang: error: linker command failed with exit code 1 (use -v to see invocation)
make[1]: *** [CMakeFiles/cmTC_08cc7.dir/build.make:100: cmTC_08cc7] Error 1
make[1]: Leaving directory '/home/toolsdevler/git/Remmina/cmake-build-release/CMakeFiles/CMakeTmp'
make: *** [Makefile:127: cmTC_08cc7/fast] Error 2


Source file was:
#include <pthread.h>

static void* test_func(void* data)
{
  return data;
}

int main(void)
{
  pthread_t thread;
  pthread_create(&thread, NULL, test_func, NULL);
  pthread_detach(thread);
  pthread_cancel(thread);
  pthread_join(thread, NULL);
  pthread_atfork(NULL, NULL, NULL);
  pthread_exit(NULL);

  return 0;
}

Determining if the function pthread_create exists in the pthreads failed with the following output:
Change Dir: /home/toolsdevler/git/Remmina/cmake-build-release/CMakeFiles/CMakeTmp

Run Build Command(s):/usr/bin/make -f Makefile cmTC_cd9d1/fast && /usr/bin/make  -f CMakeFiles/cmTC_cd9d1.dir/build.make CMakeFiles/cmTC_cd9d1.dir/build
make[1]: Entering directory '/home/toolsdevler/git/Remmina/cmake-build-release/CMakeFiles/CMakeTmp'
Building C object CMakeFiles/cmTC_cd9d1.dir/CheckFunctionExists.c.o
/usr/bin/clang   -Wno-unused-parameter -Wno-unused-macros -Wno-padded -Wno-c11-extensions -Wno-gnu -Wno-unused-command-line-argument -Wno-deprecated-declarations -DCHECK_FUNCTION_EXISTS=pthread_create -MD -MT CMakeFiles/cmTC_cd9d1.dir/CheckFunctionExists.c.o -MF CMakeFiles/cmTC_cd9d1.dir/CheckFunctionExists.c.o.d -o CMakeFiles/cmTC_cd9d1.dir/CheckFunctionExists.c.o -c /snap/clion/162/bin/cmake/linux/share/cmake-3.20/Modules/CheckFunctionExists.c
Linking C executable cmTC_cd9d1
/snap/clion/162/bin/cmake/linux/bin/cmake -E cmake_link_script CMakeFiles/cmTC_cd9d1.dir/link.txt --verbose=1
/usr/bin/clang  -Wno-unused-parameter -Wno-unused-macros -Wno-padded -Wno-c11-extensions -Wno-gnu -Wno-unused-command-line-argument -Wno-deprecated-declarations -DCHECK_FUNCTION_EXISTS=pthread_create CMakeFiles/cmTC_cd9d1.dir/CheckFunctionExists.c.o -o cmTC_cd9d1  -lpthreads 
/usr/bin/ld: cannot find -lpthreads
clang: error: linker command failed with exit code 1 (use -v to see invocation)
make[1]: *** [CMakeFiles/cmTC_cd9d1.dir/build.make:100: cmTC_cd9d1] Error 1
make[1]: Leaving directory '/home/toolsdevler/git/Remmina/cmake-build-release/CMakeFiles/CMakeTmp'
make: *** [Makefile:127: cmTC_cd9d1/fast] Error 2



