The system is: Linux - 5.11.0-25-generic - x86_64
Compiling the C compiler identification source file "CMakeCCompilerId.c" succeeded.
Compiler: /usr/bin/clang 
Build flags: 
Id flags:  

The output was:
0


Compilation of the C compiler identification source "CMakeCCompilerId.c" produced "a.out"

The C compiler identification is Clang, found in "/home/toolsdevler/git/Remmina/cmake-build-release/CMakeFiles/3.20.2/CompilerIdC/a.out"

Compiling the CXX compiler identification source file "CMakeCXXCompilerId.cpp" succeeded.
Compiler: /usr/bin/clang++ 
Build flags: 
Id flags:  

The output was:
0


Compilation of the CXX compiler identification source "CMakeCXXCompilerId.cpp" produced "a.out"

The CXX compiler identification is Clang, found in "/home/toolsdevler/git/Remmina/cmake-build-release/CMakeFiles/3.20.2/CompilerIdCXX/a.out"

Detecting C compiler ABI info compiled with the following output:
Change Dir: /home/toolsdevler/git/Remmina/cmake-build-release/CMakeFiles/CMakeTmp

Run Build Command(s):/usr/bin/make -f Makefile cmTC_ba20d/fast && /usr/bin/make  -f CMakeFiles/cmTC_ba20d.dir/build.make CMakeFiles/cmTC_ba20d.dir/build
make[1]: Entering directory '/home/toolsdevler/git/Remmina/cmake-build-release/CMakeFiles/CMakeTmp'
Building C object CMakeFiles/cmTC_ba20d.dir/CMakeCCompilerABI.c.o
/usr/bin/clang   -v -MD -MT CMakeFiles/cmTC_ba20d.dir/CMakeCCompilerABI.c.o -MF CMakeFiles/cmTC_ba20d.dir/CMakeCCompilerABI.c.o.d -o CMakeFiles/cmTC_ba20d.dir/CMakeCCompilerABI.c.o -c /snap/clion/162/bin/cmake/linux/share/cmake-3.20/Modules/CMakeCCompilerABI.c
clang version 10.0.0-4ubuntu1 
Target: x86_64-pc-linux-gnu
Thread model: posix
InstalledDir: /usr/bin
Found candidate GCC installation: /usr/bin/../lib/gcc/x86_64-linux-gnu/8
Found candidate GCC installation: /usr/bin/../lib/gcc/x86_64-linux-gnu/9
Found candidate GCC installation: /usr/lib/gcc/x86_64-linux-gnu/8
Found candidate GCC installation: /usr/lib/gcc/x86_64-linux-gnu/9
Selected GCC installation: /usr/bin/../lib/gcc/x86_64-linux-gnu/9
Candidate multilib: .;@m64
Selected multilib: .;@m64
 (in-process)
 "/usr/lib/llvm-10/bin/clang" -cc1 -triple x86_64-pc-linux-gnu -emit-obj -mrelax-all -disable-free -disable-llvm-verifier -discard-value-names -main-file-name CMakeCCompilerABI.c -mrelocation-model static -mthread-model posix -mframe-pointer=all -fmath-errno -fno-rounding-math -masm-verbose -mconstructor-aliases -munwind-tables -target-cpu x86-64 -dwarf-column-info -fno-split-dwarf-inlining -debugger-tuning=gdb -v -resource-dir /usr/lib/llvm-10/lib/clang/10.0.0 -dependency-file CMakeFiles/cmTC_ba20d.dir/CMakeCCompilerABI.c.o.d -MT CMakeFiles/cmTC_ba20d.dir/CMakeCCompilerABI.c.o -sys-header-deps -internal-isystem /usr/local/include -internal-isystem /usr/lib/llvm-10/lib/clang/10.0.0/include -internal-externc-isystem /usr/include/x86_64-linux-gnu -internal-externc-isystem /include -internal-externc-isystem /usr/include -fdebug-compilation-dir /home/toolsdevler/git/Remmina/cmake-build-release/CMakeFiles/CMakeTmp -ferror-limit 19 -fmessage-length 0 -fgnuc-version=4.2.1 -fobjc-runtime=gcc -fdiagnostics-show-option -faddrsig -o CMakeFiles/cmTC_ba20d.dir/CMakeCCompilerABI.c.o -x c /snap/clion/162/bin/cmake/linux/share/cmake-3.20/Modules/CMakeCCompilerABI.c
clang -cc1 version 10.0.0 based upon LLVM 10.0.0 default target x86_64-pc-linux-gnu
ignoring nonexistent directory "/include"
#include "..." search starts here:
#include <...> search starts here:
 /usr/local/include
 /usr/lib/llvm-10/lib/clang/10.0.0/include
 /usr/include/x86_64-linux-gnu
 /usr/include
End of search list.
Linking C executable cmTC_ba20d
/snap/clion/162/bin/cmake/linux/bin/cmake -E cmake_link_script CMakeFiles/cmTC_ba20d.dir/link.txt --verbose=1
/usr/bin/clang  -v CMakeFiles/cmTC_ba20d.dir/CMakeCCompilerABI.c.o -o cmTC_ba20d 
clang version 10.0.0-4ubuntu1 
Target: x86_64-pc-linux-gnu
Thread model: posix
InstalledDir: /usr/bin
Found candidate GCC installation: /usr/bin/../lib/gcc/x86_64-linux-gnu/8
Found candidate GCC installation: /usr/bin/../lib/gcc/x86_64-linux-gnu/9
Found candidate GCC installation: /usr/lib/gcc/x86_64-linux-gnu/8
Found candidate GCC installation: /usr/lib/gcc/x86_64-linux-gnu/9
Selected GCC installation: /usr/bin/../lib/gcc/x86_64-linux-gnu/9
Candidate multilib: .;@m64
Selected multilib: .;@m64
 "/usr/bin/ld" -z relro --hash-style=gnu --build-id --eh-frame-hdr -m elf_x86_64 -dynamic-linker /lib64/ld-linux-x86-64.so.2 -o cmTC_ba20d /usr/bin/../lib/gcc/x86_64-linux-gnu/9/../../../x86_64-linux-gnu/crt1.o /usr/bin/../lib/gcc/x86_64-linux-gnu/9/../../../x86_64-linux-gnu/crti.o /usr/bin/../lib/gcc/x86_64-linux-gnu/9/crtbegin.o -L/usr/bin/../lib/gcc/x86_64-linux-gnu/9 -L/usr/bin/../lib/gcc/x86_64-linux-gnu/9/../../../x86_64-linux-gnu -L/usr/bin/../lib/gcc/x86_64-linux-gnu/9/../../../../lib64 -L/lib/x86_64-linux-gnu -L/lib/../lib64 -L/usr/lib/x86_64-linux-gnu -L/usr/lib/../lib64 -L/usr/lib/x86_64-linux-gnu/../../lib64 -L/usr/bin/../lib/gcc/x86_64-linux-gnu/9/../../.. -L/usr/lib/llvm-10/bin/../lib -L/lib -L/usr/lib CMakeFiles/cmTC_ba20d.dir/CMakeCCompilerABI.c.o -lgcc --as-needed -lgcc_s --no-as-needed -lc -lgcc --as-needed -lgcc_s --no-as-needed /usr/bin/../lib/gcc/x86_64-linux-gnu/9/crtend.o /usr/bin/../lib/gcc/x86_64-linux-gnu/9/../../../x86_64-linux-gnu/crtn.o
make[1]: Leaving directory '/home/toolsdevler/git/Remmina/cmake-build-release/CMakeFiles/CMakeTmp'



Parsed C implicit include dir info from above output: rv=done
  found start of include info
  found start of implicit include info
    add: [/usr/local/include]
    add: [/usr/lib/llvm-10/lib/clang/10.0.0/include]
    add: [/usr/include/x86_64-linux-gnu]
    add: [/usr/include]
  end of search list found
  collapse include dir [/usr/local/include] ==> [/usr/local/include]
  collapse include dir [/usr/lib/llvm-10/lib/clang/10.0.0/include] ==> [/usr/lib/llvm-10/lib/clang/10.0.0/include]
  collapse include dir [/usr/include/x86_64-linux-gnu] ==> [/usr/include/x86_64-linux-gnu]
  collapse include dir [/usr/include] ==> [/usr/include]
  implicit include dirs: [/usr/local/include;/usr/lib/llvm-10/lib/clang/10.0.0/include;/usr/include/x86_64-linux-gnu;/usr/include]


Parsed C implicit link information from above output:
  link line regex: [^( *|.*[/\])(ld|CMAKE_LINK_STARTFILE-NOTFOUND|([^/\]+-)?ld|collect2)[^/\]*( |$)]
  ignore line: [Change Dir: /home/toolsdevler/git/Remmina/cmake-build-release/CMakeFiles/CMakeTmp]
  ignore line: []
  ignore line: [Run Build Command(s):/usr/bin/make -f Makefile cmTC_ba20d/fast && /usr/bin/make  -f CMakeFiles/cmTC_ba20d.dir/build.make CMakeFiles/cmTC_ba20d.dir/build]
  ignore line: [make[1]: Entering directory '/home/toolsdevler/git/Remmina/cmake-build-release/CMakeFiles/CMakeTmp']
  ignore line: [Building C object CMakeFiles/cmTC_ba20d.dir/CMakeCCompilerABI.c.o]
  ignore line: [/usr/bin/clang   -v -MD -MT CMakeFiles/cmTC_ba20d.dir/CMakeCCompilerABI.c.o -MF CMakeFiles/cmTC_ba20d.dir/CMakeCCompilerABI.c.o.d -o CMakeFiles/cmTC_ba20d.dir/CMakeCCompilerABI.c.o -c /snap/clion/162/bin/cmake/linux/share/cmake-3.20/Modules/CMakeCCompilerABI.c]
  ignore line: [clang version 10.0.0-4ubuntu1 ]
  ignore line: [Target: x86_64-pc-linux-gnu]
  ignore line: [Thread model: posix]
  ignore line: [InstalledDir: /usr/bin]
  ignore line: [Found candidate GCC installation: /usr/bin/../lib/gcc/x86_64-linux-gnu/8]
  ignore line: [Found candidate GCC installation: /usr/bin/../lib/gcc/x86_64-linux-gnu/9]
  ignore line: [Found candidate GCC installation: /usr/lib/gcc/x86_64-linux-gnu/8]
  ignore line: [Found candidate GCC installation: /usr/lib/gcc/x86_64-linux-gnu/9]
  ignore line: [Selected GCC installation: /usr/bin/../lib/gcc/x86_64-linux-gnu/9]
  ignore line: [Candidate multilib: .]
  ignore line: [@m64]
  ignore line: [Selected multilib: .]
  ignore line: [@m64]
  ignore line: [ (in-process)]
  ignore line: [ "/usr/lib/llvm-10/bin/clang" -cc1 -triple x86_64-pc-linux-gnu -emit-obj -mrelax-all -disable-free -disable-llvm-verifier -discard-value-names -main-file-name CMakeCCompilerABI.c -mrelocation-model static -mthread-model posix -mframe-pointer=all -fmath-errno -fno-rounding-math -masm-verbose -mconstructor-aliases -munwind-tables -target-cpu x86-64 -dwarf-column-info -fno-split-dwarf-inlining -debugger-tuning=gdb -v -resource-dir /usr/lib/llvm-10/lib/clang/10.0.0 -dependency-file CMakeFiles/cmTC_ba20d.dir/CMakeCCompilerABI.c.o.d -MT CMakeFiles/cmTC_ba20d.dir/CMakeCCompilerABI.c.o -sys-header-deps -internal-isystem /usr/local/include -internal-isystem /usr/lib/llvm-10/lib/clang/10.0.0/include -internal-externc-isystem /usr/include/x86_64-linux-gnu -internal-externc-isystem /include -internal-externc-isystem /usr/include -fdebug-compilation-dir /home/toolsdevler/git/Remmina/cmake-build-release/CMakeFiles/CMakeTmp -ferror-limit 19 -fmessage-length 0 -fgnuc-version=4.2.1 -fobjc-runtime=gcc -fdiagnostics-show-option -faddrsig -o CMakeFiles/cmTC_ba20d.dir/CMakeCCompilerABI.c.o -x c /snap/clion/162/bin/cmake/linux/share/cmake-3.20/Modules/CMakeCCompilerABI.c]
  ignore line: [clang -cc1 version 10.0.0 based upon LLVM 10.0.0 default target x86_64-pc-linux-gnu]
  ignore line: [ignoring nonexistent directory "/include"]
  ignore line: [#include "..." search starts here:]
  ignore line: [#include <...> search starts here:]
  ignore line: [ /usr/local/include]
  ignore line: [ /usr/lib/llvm-10/lib/clang/10.0.0/include]
  ignore line: [ /usr/include/x86_64-linux-gnu]
  ignore line: [ /usr/include]
  ignore line: [End of search list.]
  ignore line: [Linking C executable cmTC_ba20d]
  ignore line: [/snap/clion/162/bin/cmake/linux/bin/cmake -E cmake_link_script CMakeFiles/cmTC_ba20d.dir/link.txt --verbose=1]
  ignore line: [/usr/bin/clang  -v CMakeFiles/cmTC_ba20d.dir/CMakeCCompilerABI.c.o -o cmTC_ba20d ]
  ignore line: [clang version 10.0.0-4ubuntu1 ]
  ignore line: [Target: x86_64-pc-linux-gnu]
  ignore line: [Thread model: posix]
  ignore line: [InstalledDir: /usr/bin]
  ignore line: [Found candidate GCC installation: /usr/bin/../lib/gcc/x86_64-linux-gnu/8]
  ignore line: [Found candidate GCC installation: /usr/bin/../lib/gcc/x86_64-linux-gnu/9]
  ignore line: [Found candidate GCC installation: /usr/lib/gcc/x86_64-linux-gnu/8]
  ignore line: [Found candidate GCC installation: /usr/lib/gcc/x86_64-linux-gnu/9]
  ignore line: [Selected GCC installation: /usr/bin/../lib/gcc/x86_64-linux-gnu/9]
  ignore line: [Candidate multilib: .]
  ignore line: [@m64]
  ignore line: [Selected multilib: .]
  ignore line: [@m64]
  link line: [ "/usr/bin/ld" -z relro --hash-style=gnu --build-id --eh-frame-hdr -m elf_x86_64 -dynamic-linker /lib64/ld-linux-x86-64.so.2 -o cmTC_ba20d /usr/bin/../lib/gcc/x86_64-linux-gnu/9/../../../x86_64-linux-gnu/crt1.o /usr/bin/../lib/gcc/x86_64-linux-gnu/9/../../../x86_64-linux-gnu/crti.o /usr/bin/../lib/gcc/x86_64-linux-gnu/9/crtbegin.o -L/usr/bin/../lib/gcc/x86_64-linux-gnu/9 -L/usr/bin/../lib/gcc/x86_64-linux-gnu/9/../../../x86_64-linux-gnu -L/usr/bin/../lib/gcc/x86_64-linux-gnu/9/../../../../lib64 -L/lib/x86_64-linux-gnu -L/lib/../lib64 -L/usr/lib/x86_64-linux-gnu -L/usr/lib/../lib64 -L/usr/lib/x86_64-linux-gnu/../../lib64 -L/usr/bin/../lib/gcc/x86_64-linux-gnu/9/../../.. -L/usr/lib/llvm-10/bin/../lib -L/lib -L/usr/lib CMakeFiles/cmTC_ba20d.dir/CMakeCCompilerABI.c.o -lgcc --as-needed -lgcc_s --no-as-needed -lc -lgcc --as-needed -lgcc_s --no-as-needed /usr/bin/../lib/gcc/x86_64-linux-gnu/9/crtend.o /usr/bin/../lib/gcc/x86_64-linux-gnu/9/../../../x86_64-linux-gnu/crtn.o]
    arg [/usr/bin/ld] ==> ignore
    arg [-zrelro] ==> ignore
    arg [--hash-style=gnu] ==> ignore
    arg [--build-id] ==> ignore
    arg [--eh-frame-hdr] ==> ignore
    arg [-m] ==> ignore
    arg [elf_x86_64] ==> ignore
    arg [-dynamic-linker] ==> ignore
    arg [/lib64/ld-linux-x86-64.so.2] ==> ignore
    arg [-o] ==> ignore
    arg [cmTC_ba20d] ==> ignore
    arg [/usr/bin/../lib/gcc/x86_64-linux-gnu/9/../../../x86_64-linux-gnu/crt1.o] ==> obj [/usr/bin/../lib/gcc/x86_64-linux-gnu/9/../../../x86_64-linux-gnu/crt1.o]
    arg [/usr/bin/../lib/gcc/x86_64-linux-gnu/9/../../../x86_64-linux-gnu/crti.o] ==> obj [/usr/bin/../lib/gcc/x86_64-linux-gnu/9/../../../x86_64-linux-gnu/crti.o]
    arg [/usr/bin/../lib/gcc/x86_64-linux-gnu/9/crtbegin.o] ==> obj [/usr/bin/../lib/gcc/x86_64-linux-gnu/9/crtbegin.o]
    arg [-L/usr/bin/../lib/gcc/x86_64-linux-gnu/9] ==> dir [/usr/bin/../lib/gcc/x86_64-linux-gnu/9]
    arg [-L/usr/bin/../lib/gcc/x86_64-linux-gnu/9/../../../x86_64-linux-gnu] ==> dir [/usr/bin/../lib/gcc/x86_64-linux-gnu/9/../../../x86_64-linux-gnu]
    arg [-L/usr/bin/../lib/gcc/x86_64-linux-gnu/9/../../../../lib64] ==> dir [/usr/bin/../lib/gcc/x86_64-linux-gnu/9/../../../../lib64]
    arg [-L/lib/x86_64-linux-gnu] ==> dir [/lib/x86_64-linux-gnu]
    arg [-L/lib/../lib64] ==> dir [/lib/../lib64]
    arg [-L/usr/lib/x86_64-linux-gnu] ==> dir [/usr/lib/x86_64-linux-gnu]
    arg [-L/usr/lib/../lib64] ==> dir [/usr/lib/../lib64]
    arg [-L/usr/lib/x86_64-linux-gnu/../../lib64] ==> dir [/usr/lib/x86_64-linux-gnu/../../lib64]
    arg [-L/usr/bin/../lib/gcc/x86_64-linux-gnu/9/../../..] ==> dir [/usr/bin/../lib/gcc/x86_64-linux-gnu/9/../../..]
    arg [-L/usr/lib/llvm-10/bin/../lib] ==> dir [/usr/lib/llvm-10/bin/../lib]
    arg [-L/lib] ==> dir [/lib]
    arg [-L/usr/lib] ==> dir [/usr/lib]
    arg [CMakeFiles/cmTC_ba20d.dir/CMakeCCompilerABI.c.o] ==> ignore
    arg [-lgcc] ==> lib [gcc]
    arg [--as-needed] ==> ignore
    arg [-lgcc_s] ==> lib [gcc_s]
    arg [--no-as-needed] ==> ignore
    arg [-lc] ==> lib [c]
    arg [-lgcc] ==> lib [gcc]
    arg [--as-needed] ==> ignore
    arg [-lgcc_s] ==> lib [gcc_s]
    arg [--no-as-needed] ==> ignore
    arg [/usr/bin/../lib/gcc/x86_64-linux-gnu/9/crtend.o] ==> obj [/usr/bin/../lib/gcc/x86_64-linux-gnu/9/crtend.o]
    arg [/usr/bin/../lib/gcc/x86_64-linux-gnu/9/../../../x86_64-linux-gnu/crtn.o] ==> obj [/usr/bin/../lib/gcc/x86_64-linux-gnu/9/../../../x86_64-linux-gnu/crtn.o]
  collapse obj [/usr/bin/../lib/gcc/x86_64-linux-gnu/9/../../../x86_64-linux-gnu/crt1.o] ==> [/usr/lib/x86_64-linux-gnu/crt1.o]
  collapse obj [/usr/bin/../lib/gcc/x86_64-linux-gnu/9/../../../x86_64-linux-gnu/crti.o] ==> [/usr/lib/x86_64-linux-gnu/crti.o]
  collapse obj [/usr/bin/../lib/gcc/x86_64-linux-gnu/9/crtbegin.o] ==> [/usr/lib/gcc/x86_64-linux-gnu/9/crtbegin.o]
  collapse obj [/usr/bin/../lib/gcc/x86_64-linux-gnu/9/crtend.o] ==> [/usr/lib/gcc/x86_64-linux-gnu/9/crtend.o]
  collapse obj [/usr/bin/../lib/gcc/x86_64-linux-gnu/9/../../../x86_64-linux-gnu/crtn.o] ==> [/usr/lib/x86_64-linux-gnu/crtn.o]
  collapse library dir [/usr/bin/../lib/gcc/x86_64-linux-gnu/9] ==> [/usr/lib/gcc/x86_64-linux-gnu/9]
  collapse library dir [/usr/bin/../lib/gcc/x86_64-linux-gnu/9/../../../x86_64-linux-gnu] ==> [/usr/lib/x86_64-linux-gnu]
  collapse library dir [/usr/bin/../lib/gcc/x86_64-linux-gnu/9/../../../../lib64] ==> [/usr/lib64]
  collapse library dir [/lib/x86_64-linux-gnu] ==> [/lib/x86_64-linux-gnu]
  collapse library dir [/lib/../lib64] ==> [/lib64]
  collapse library dir [/usr/lib/x86_64-linux-gnu] ==> [/usr/lib/x86_64-linux-gnu]
  collapse library dir [/usr/lib/../lib64] ==> [/usr/lib64]
  collapse library dir [/usr/lib/x86_64-linux-gnu/../../lib64] ==> [/usr/lib64]
  collapse library dir [/usr/bin/../lib/gcc/x86_64-linux-gnu/9/../../..] ==> [/usr/lib]
  collapse library dir [/usr/lib/llvm-10/bin/../lib] ==> [/usr/lib/llvm-10/lib]
  collapse library dir [/lib] ==> [/lib]
  collapse library dir [/usr/lib] ==> [/usr/lib]
  implicit libs: [gcc;gcc_s;c;gcc;gcc_s]
  implicit objs: [/usr/lib/x86_64-linux-gnu/crt1.o;/usr/lib/x86_64-linux-gnu/crti.o;/usr/lib/gcc/x86_64-linux-gnu/9/crtbegin.o;/usr/lib/gcc/x86_64-linux-gnu/9/crtend.o;/usr/lib/x86_64-linux-gnu/crtn.o]
  implicit dirs: [/usr/lib/gcc/x86_64-linux-gnu/9;/usr/lib/x86_64-linux-gnu;/usr/lib64;/lib/x86_64-linux-gnu;/lib64;/usr/lib;/usr/lib/llvm-10/lib;/lib]
  implicit fwks: []


Detecting CXX compiler ABI info compiled with the following output:
Change Dir: /home/toolsdevler/git/Remmina/cmake-build-release/CMakeFiles/CMakeTmp

Run Build Command(s):/usr/bin/make -f Makefile cmTC_dc4b8/fast && /usr/bin/make  -f CMakeFiles/cmTC_dc4b8.dir/build.make CMakeFiles/cmTC_dc4b8.dir/build
make[1]: Entering directory '/home/toolsdevler/git/Remmina/cmake-build-release/CMakeFiles/CMakeTmp'
Building CXX object CMakeFiles/cmTC_dc4b8.dir/CMakeCXXCompilerABI.cpp.o
/usr/bin/clang++   -v -MD -MT CMakeFiles/cmTC_dc4b8.dir/CMakeCXXCompilerABI.cpp.o -MF CMakeFiles/cmTC_dc4b8.dir/CMakeCXXCompilerABI.cpp.o.d -o CMakeFiles/cmTC_dc4b8.dir/CMakeCXXCompilerABI.cpp.o -c /snap/clion/162/bin/cmake/linux/share/cmake-3.20/Modules/CMakeCXXCompilerABI.cpp
clang version 10.0.0-4ubuntu1 
Target: x86_64-pc-linux-gnu
Thread model: posix
InstalledDir: /usr/bin
Found candidate GCC installation: /usr/bin/../lib/gcc/x86_64-linux-gnu/8
Found candidate GCC installation: /usr/bin/../lib/gcc/x86_64-linux-gnu/9
Found candidate GCC installation: /usr/lib/gcc/x86_64-linux-gnu/8
Found candidate GCC installation: /usr/lib/gcc/x86_64-linux-gnu/9
Selected GCC installation: /usr/bin/../lib/gcc/x86_64-linux-gnu/9
Candidate multilib: .;@m64
Selected multilib: .;@m64
 (in-process)
 "/usr/lib/llvm-10/bin/clang" -cc1 -triple x86_64-pc-linux-gnu -emit-obj -mrelax-all -disable-free -disable-llvm-verifier -discard-value-names -main-file-name CMakeCXXCompilerABI.cpp -mrelocation-model static -mthread-model posix -mframe-pointer=all -fmath-errno -fno-rounding-math -masm-verbose -mconstructor-aliases -munwind-tables -target-cpu x86-64 -dwarf-column-info -fno-split-dwarf-inlining -debugger-tuning=gdb -v -resource-dir /usr/lib/llvm-10/lib/clang/10.0.0 -dependency-file CMakeFiles/cmTC_dc4b8.dir/CMakeCXXCompilerABI.cpp.o.d -MT CMakeFiles/cmTC_dc4b8.dir/CMakeCXXCompilerABI.cpp.o -sys-header-deps -internal-isystem /usr/bin/../lib/gcc/x86_64-linux-gnu/9/../../../../include/c++/9 -internal-isystem /usr/bin/../lib/gcc/x86_64-linux-gnu/9/../../../../include/x86_64-linux-gnu/c++/9 -internal-isystem /usr/bin/../lib/gcc/x86_64-linux-gnu/9/../../../../include/x86_64-linux-gnu/c++/9 -internal-isystem /usr/bin/../lib/gcc/x86_64-linux-gnu/9/../../../../include/c++/9/backward -internal-isystem /usr/local/include -internal-isystem /usr/lib/llvm-10/lib/clang/10.0.0/include -internal-externc-isystem /usr/include/x86_64-linux-gnu -internal-externc-isystem /include -internal-externc-isystem /usr/include -fdeprecated-macro -fdebug-compilation-dir /home/toolsdevler/git/Remmina/cmake-build-release/CMakeFiles/CMakeTmp -ferror-limit 19 -fmessage-length 0 -fgnuc-version=4.2.1 -fobjc-runtime=gcc -fcxx-exceptions -fexceptions -fdiagnostics-show-option -faddrsig -o CMakeFiles/cmTC_dc4b8.dir/CMakeCXXCompilerABI.cpp.o -x c++ /snap/clion/162/bin/cmake/linux/share/cmake-3.20/Modules/CMakeCXXCompilerABI.cpp
clang -cc1 version 10.0.0 based upon LLVM 10.0.0 default target x86_64-pc-linux-gnu
ignoring nonexistent directory "/include"
ignoring duplicate directory "/usr/bin/../lib/gcc/x86_64-linux-gnu/9/../../../../include/x86_64-linux-gnu/c++/9"
#include "..." search starts here:
#include <...> search starts here:
 /usr/bin/../lib/gcc/x86_64-linux-gnu/9/../../../../include/c++/9
 /usr/bin/../lib/gcc/x86_64-linux-gnu/9/../../../../include/x86_64-linux-gnu/c++/9
 /usr/bin/../lib/gcc/x86_64-linux-gnu/9/../../../../include/c++/9/backward
 /usr/local/include
 /usr/lib/llvm-10/lib/clang/10.0.0/include
 /usr/include/x86_64-linux-gnu
 /usr/include
End of search list.
Linking CXX executable cmTC_dc4b8
/snap/clion/162/bin/cmake/linux/bin/cmake -E cmake_link_script CMakeFiles/cmTC_dc4b8.dir/link.txt --verbose=1
/usr/bin/clang++  -v CMakeFiles/cmTC_dc4b8.dir/CMakeCXXCompilerABI.cpp.o -o cmTC_dc4b8 
clang version 10.0.0-4ubuntu1 
Target: x86_64-pc-linux-gnu
Thread model: posix
InstalledDir: /usr/bin
Found candidate GCC installation: /usr/bin/../lib/gcc/x86_64-linux-gnu/8
Found candidate GCC installation: /usr/bin/../lib/gcc/x86_64-linux-gnu/9
Found candidate GCC installation: /usr/lib/gcc/x86_64-linux-gnu/8
Found candidate GCC installation: /usr/lib/gcc/x86_64-linux-gnu/9
Selected GCC installation: /usr/bin/../lib/gcc/x86_64-linux-gnu/9
Candidate multilib: .;@m64
Selected multilib: .;@m64
 "/usr/bin/ld" -z relro --hash-style=gnu --build-id --eh-frame-hdr -m elf_x86_64 -dynamic-linker /lib64/ld-linux-x86-64.so.2 -o cmTC_dc4b8 /usr/bin/../lib/gcc/x86_64-linux-gnu/9/../../../x86_64-linux-gnu/crt1.o /usr/bin/../lib/gcc/x86_64-linux-gnu/9/../../../x86_64-linux-gnu/crti.o /usr/bin/../lib/gcc/x86_64-linux-gnu/9/crtbegin.o -L/usr/bin/../lib/gcc/x86_64-linux-gnu/9 -L/usr/bin/../lib/gcc/x86_64-linux-gnu/9/../../../x86_64-linux-gnu -L/usr/bin/../lib/gcc/x86_64-linux-gnu/9/../../../../lib64 -L/lib/x86_64-linux-gnu -L/lib/../lib64 -L/usr/lib/x86_64-linux-gnu -L/usr/lib/../lib64 -L/usr/lib/x86_64-linux-gnu/../../lib64 -L/usr/bin/../lib/gcc/x86_64-linux-gnu/9/../../.. -L/usr/lib/llvm-10/bin/../lib -L/lib -L/usr/lib CMakeFiles/cmTC_dc4b8.dir/CMakeCXXCompilerABI.cpp.o -lstdc++ -lm -lgcc_s -lgcc -lc -lgcc_s -lgcc /usr/bin/../lib/gcc/x86_64-linux-gnu/9/crtend.o /usr/bin/../lib/gcc/x86_64-linux-gnu/9/../../../x86_64-linux-gnu/crtn.o
make[1]: Leaving directory '/home/toolsdevler/git/Remmina/cmake-build-release/CMakeFiles/CMakeTmp'



Parsed CXX implicit include dir info from above output: rv=done
  found start of include info
  found start of implicit include info
    add: [/usr/bin/../lib/gcc/x86_64-linux-gnu/9/../../../../include/c++/9]
    add: [/usr/bin/../lib/gcc/x86_64-linux-gnu/9/../../../../include/x86_64-linux-gnu/c++/9]
    add: [/usr/bin/../lib/gcc/x86_64-linux-gnu/9/../../../../include/c++/9/backward]
    add: [/usr/local/include]
    add: [/usr/lib/llvm-10/lib/clang/10.0.0/include]
    add: [/usr/include/x86_64-linux-gnu]
    add: [/usr/include]
  end of search list found
  collapse include dir [/usr/bin/../lib/gcc/x86_64-linux-gnu/9/../../../../include/c++/9] ==> [/usr/include/c++/9]
  collapse include dir [/usr/bin/../lib/gcc/x86_64-linux-gnu/9/../../../../include/x86_64-linux-gnu/c++/9] ==> [/usr/include/x86_64-linux-gnu/c++/9]
  collapse include dir [/usr/bin/../lib/gcc/x86_64-linux-gnu/9/../../../../include/c++/9/backward] ==> [/usr/include/c++/9/backward]
  collapse include dir [/usr/local/include] ==> [/usr/local/include]
  collapse include dir [/usr/lib/llvm-10/lib/clang/10.0.0/include] ==> [/usr/lib/llvm-10/lib/clang/10.0.0/include]
  collapse include dir [/usr/include/x86_64-linux-gnu] ==> [/usr/include/x86_64-linux-gnu]
  collapse include dir [/usr/include] ==> [/usr/include]
  implicit include dirs: [/usr/include/c++/9;/usr/include/x86_64-linux-gnu/c++/9;/usr/include/c++/9/backward;/usr/local/include;/usr/lib/llvm-10/lib/clang/10.0.0/include;/usr/include/x86_64-linux-gnu;/usr/include]


Parsed CXX implicit link information from above output:
  link line regex: [^( *|.*[/\])(ld|CMAKE_LINK_STARTFILE-NOTFOUND|([^/\]+-)?ld|collect2)[^/\]*( |$)]
  ignore line: [Change Dir: /home/toolsdevler/git/Remmina/cmake-build-release/CMakeFiles/CMakeTmp]
  ignore line: []
  ignore line: [Run Build Command(s):/usr/bin/make -f Makefile cmTC_dc4b8/fast && /usr/bin/make  -f CMakeFiles/cmTC_dc4b8.dir/build.make CMakeFiles/cmTC_dc4b8.dir/build]
  ignore line: [make[1]: Entering directory '/home/toolsdevler/git/Remmina/cmake-build-release/CMakeFiles/CMakeTmp']
  ignore line: [Building CXX object CMakeFiles/cmTC_dc4b8.dir/CMakeCXXCompilerABI.cpp.o]
  ignore line: [/usr/bin/clang++   -v -MD -MT CMakeFiles/cmTC_dc4b8.dir/CMakeCXXCompilerABI.cpp.o -MF CMakeFiles/cmTC_dc4b8.dir/CMakeCXXCompilerABI.cpp.o.d -o CMakeFiles/cmTC_dc4b8.dir/CMakeCXXCompilerABI.cpp.o -c /snap/clion/162/bin/cmake/linux/share/cmake-3.20/Modules/CMakeCXXCompilerABI.cpp]
  ignore line: [clang version 10.0.0-4ubuntu1 ]
  ignore line: [Target: x86_64-pc-linux-gnu]
  ignore line: [Thread model: posix]
  ignore line: [InstalledDir: /usr/bin]
  ignore line: [Found candidate GCC installation: /usr/bin/../lib/gcc/x86_64-linux-gnu/8]
  ignore line: [Found candidate GCC installation: /usr/bin/../lib/gcc/x86_64-linux-gnu/9]
  ignore line: [Found candidate GCC installation: /usr/lib/gcc/x86_64-linux-gnu/8]
  ignore line: [Found candidate GCC installation: /usr/lib/gcc/x86_64-linux-gnu/9]
  ignore line: [Selected GCC installation: /usr/bin/../lib/gcc/x86_64-linux-gnu/9]
  ignore line: [Candidate multilib: .]
  ignore line: [@m64]
  ignore line: [Selected multilib: .]
  ignore line: [@m64]
  ignore line: [ (in-process)]
  ignore line: [ "/usr/lib/llvm-10/bin/clang" -cc1 -triple x86_64-pc-linux-gnu -emit-obj -mrelax-all -disable-free -disable-llvm-verifier -discard-value-names -main-file-name CMakeCXXCompilerABI.cpp -mrelocation-model static -mthread-model posix -mframe-pointer=all -fmath-errno -fno-rounding-math -masm-verbose -mconstructor-aliases -munwind-tables -target-cpu x86-64 -dwarf-column-info -fno-split-dwarf-inlining -debugger-tuning=gdb -v -resource-dir /usr/lib/llvm-10/lib/clang/10.0.0 -dependency-file CMakeFiles/cmTC_dc4b8.dir/CMakeCXXCompilerABI.cpp.o.d -MT CMakeFiles/cmTC_dc4b8.dir/CMakeCXXCompilerABI.cpp.o -sys-header-deps -internal-isystem /usr/bin/../lib/gcc/x86_64-linux-gnu/9/../../../../include/c++/9 -internal-isystem /usr/bin/../lib/gcc/x86_64-linux-gnu/9/../../../../include/x86_64-linux-gnu/c++/9 -internal-isystem /usr/bin/../lib/gcc/x86_64-linux-gnu/9/../../../../include/x86_64-linux-gnu/c++/9 -internal-isystem /usr/bin/../lib/gcc/x86_64-linux-gnu/9/../../../../include/c++/9/backward -internal-isystem /usr/local/include -internal-isystem /usr/lib/llvm-10/lib/clang/10.0.0/include -internal-externc-isystem /usr/include/x86_64-linux-gnu -internal-externc-isystem /include -internal-externc-isystem /usr/include -fdeprecated-macro -fdebug-compilation-dir /home/toolsdevler/git/Remmina/cmake-build-release/CMakeFiles/CMakeTmp -ferror-limit 19 -fmessage-length 0 -fgnuc-version=4.2.1 -fobjc-runtime=gcc -fcxx-exceptions -fexceptions -fdiagnostics-show-option -faddrsig -o CMakeFiles/cmTC_dc4b8.dir/CMakeCXXCompilerABI.cpp.o -x c++ /snap/clion/162/bin/cmake/linux/share/cmake-3.20/Modules/CMakeCXXCompilerABI.cpp]
  ignore line: [clang -cc1 version 10.0.0 based upon LLVM 10.0.0 default target x86_64-pc-linux-gnu]
  ignore line: [ignoring nonexistent directory "/include"]
  ignore line: [ignoring duplicate directory "/usr/bin/../lib/gcc/x86_64-linux-gnu/9/../../../../include/x86_64-linux-gnu/c++/9"]
  ignore line: [#include "..." search starts here:]
  ignore line: [#include <...> search starts here:]
  ignore line: [ /usr/bin/../lib/gcc/x86_64-linux-gnu/9/../../../../include/c++/9]
  ignore line: [ /usr/bin/../lib/gcc/x86_64-linux-gnu/9/../../../../include/x86_64-linux-gnu/c++/9]
  ignore line: [ /usr/bin/../lib/gcc/x86_64-linux-gnu/9/../../../../include/c++/9/backward]
  ignore line: [ /usr/local/include]
  ignore line: [ /usr/lib/llvm-10/lib/clang/10.0.0/include]
  ignore line: [ /usr/include/x86_64-linux-gnu]
  ignore line: [ /usr/include]
  ignore line: [End of search list.]
  ignore line: [Linking CXX executable cmTC_dc4b8]
  ignore line: [/snap/clion/162/bin/cmake/linux/bin/cmake -E cmake_link_script CMakeFiles/cmTC_dc4b8.dir/link.txt --verbose=1]
  ignore line: [/usr/bin/clang++  -v CMakeFiles/cmTC_dc4b8.dir/CMakeCXXCompilerABI.cpp.o -o cmTC_dc4b8 ]
  ignore line: [clang version 10.0.0-4ubuntu1 ]
  ignore line: [Target: x86_64-pc-linux-gnu]
  ignore line: [Thread model: posix]
  ignore line: [InstalledDir: /usr/bin]
  ignore line: [Found candidate GCC installation: /usr/bin/../lib/gcc/x86_64-linux-gnu/8]
  ignore line: [Found candidate GCC installation: /usr/bin/../lib/gcc/x86_64-linux-gnu/9]
  ignore line: [Found candidate GCC installation: /usr/lib/gcc/x86_64-linux-gnu/8]
  ignore line: [Found candidate GCC installation: /usr/lib/gcc/x86_64-linux-gnu/9]
  ignore line: [Selected GCC installation: /usr/bin/../lib/gcc/x86_64-linux-gnu/9]
  ignore line: [Candidate multilib: .]
  ignore line: [@m64]
  ignore line: [Selected multilib: .]
  ignore line: [@m64]
  link line: [ "/usr/bin/ld" -z relro --hash-style=gnu --build-id --eh-frame-hdr -m elf_x86_64 -dynamic-linker /lib64/ld-linux-x86-64.so.2 -o cmTC_dc4b8 /usr/bin/../lib/gcc/x86_64-linux-gnu/9/../../../x86_64-linux-gnu/crt1.o /usr/bin/../lib/gcc/x86_64-linux-gnu/9/../../../x86_64-linux-gnu/crti.o /usr/bin/../lib/gcc/x86_64-linux-gnu/9/crtbegin.o -L/usr/bin/../lib/gcc/x86_64-linux-gnu/9 -L/usr/bin/../lib/gcc/x86_64-linux-gnu/9/../../../x86_64-linux-gnu -L/usr/bin/../lib/gcc/x86_64-linux-gnu/9/../../../../lib64 -L/lib/x86_64-linux-gnu -L/lib/../lib64 -L/usr/lib/x86_64-linux-gnu -L/usr/lib/../lib64 -L/usr/lib/x86_64-linux-gnu/../../lib64 -L/usr/bin/../lib/gcc/x86_64-linux-gnu/9/../../.. -L/usr/lib/llvm-10/bin/../lib -L/lib -L/usr/lib CMakeFiles/cmTC_dc4b8.dir/CMakeCXXCompilerABI.cpp.o -lstdc++ -lm -lgcc_s -lgcc -lc -lgcc_s -lgcc /usr/bin/../lib/gcc/x86_64-linux-gnu/9/crtend.o /usr/bin/../lib/gcc/x86_64-linux-gnu/9/../../../x86_64-linux-gnu/crtn.o]
    arg [/usr/bin/ld] ==> ignore
    arg [-zrelro] ==> ignore
    arg [--hash-style=gnu] ==> ignore
    arg [--build-id] ==> ignore
    arg [--eh-frame-hdr] ==> ignore
    arg [-m] ==> ignore
    arg [elf_x86_64] ==> ignore
    arg [-dynamic-linker] ==> ignore
    arg [/lib64/ld-linux-x86-64.so.2] ==> ignore
    arg [-o] ==> ignore
    arg [cmTC_dc4b8] ==> ignore
    arg [/usr/bin/../lib/gcc/x86_64-linux-gnu/9/../../../x86_64-linux-gnu/crt1.o] ==> obj [/usr/bin/../lib/gcc/x86_64-linux-gnu/9/../../../x86_64-linux-gnu/crt1.o]
    arg [/usr/bin/../lib/gcc/x86_64-linux-gnu/9/../../../x86_64-linux-gnu/crti.o] ==> obj [/usr/bin/../lib/gcc/x86_64-linux-gnu/9/../../../x86_64-linux-gnu/crti.o]
    arg [/usr/bin/../lib/gcc/x86_64-linux-gnu/9/crtbegin.o] ==> obj [/usr/bin/../lib/gcc/x86_64-linux-gnu/9/crtbegin.o]
    arg [-L/usr/bin/../lib/gcc/x86_64-linux-gnu/9] ==> dir [/usr/bin/../lib/gcc/x86_64-linux-gnu/9]
    arg [-L/usr/bin/../lib/gcc/x86_64-linux-gnu/9/../../../x86_64-linux-gnu] ==> dir [/usr/bin/../lib/gcc/x86_64-linux-gnu/9/../../../x86_64-linux-gnu]
    arg [-L/usr/bin/../lib/gcc/x86_64-linux-gnu/9/../../../../lib64] ==> dir [/usr/bin/../lib/gcc/x86_64-linux-gnu/9/../../../../lib64]
    arg [-L/lib/x86_64-linux-gnu] ==> dir [/lib/x86_64-linux-gnu]
    arg [-L/lib/../lib64] ==> dir [/lib/../lib64]
    arg [-L/usr/lib/x86_64-linux-gnu] ==> dir [/usr/lib/x86_64-linux-gnu]
    arg [-L/usr/lib/../lib64] ==> dir [/usr/lib/../lib64]
    arg [-L/usr/lib/x86_64-linux-gnu/../../lib64] ==> dir [/usr/lib/x86_64-linux-gnu/../../lib64]
    arg [-L/usr/bin/../lib/gcc/x86_64-linux-gnu/9/../../..] ==> dir [/usr/bin/../lib/gcc/x86_64-linux-gnu/9/../../..]
    arg [-L/usr/lib/llvm-10/bin/../lib] ==> dir [/usr/lib/llvm-10/bin/../lib]
    arg [-L/lib] ==> dir [/lib]
    arg [-L/usr/lib] ==> dir [/usr/lib]
    arg [CMakeFiles/cmTC_dc4b8.dir/CMakeCXXCompilerABI.cpp.o] ==> ignore
    arg [-lstdc++] ==> lib [stdc++]
    arg [-lm] ==> lib [m]
    arg [-lgcc_s] ==> lib [gcc_s]
    arg [-lgcc] ==> lib [gcc]
    arg [-lc] ==> lib [c]
    arg [-lgcc_s] ==> lib [gcc_s]
    arg [-lgcc] ==> lib [gcc]
    arg [/usr/bin/../lib/gcc/x86_64-linux-gnu/9/crtend.o] ==> obj [/usr/bin/../lib/gcc/x86_64-linux-gnu/9/crtend.o]
    arg [/usr/bin/../lib/gcc/x86_64-linux-gnu/9/../../../x86_64-linux-gnu/crtn.o] ==> obj [/usr/bin/../lib/gcc/x86_64-linux-gnu/9/../../../x86_64-linux-gnu/crtn.o]
  collapse obj [/usr/bin/../lib/gcc/x86_64-linux-gnu/9/../../../x86_64-linux-gnu/crt1.o] ==> [/usr/lib/x86_64-linux-gnu/crt1.o]
  collapse obj [/usr/bin/../lib/gcc/x86_64-linux-gnu/9/../../../x86_64-linux-gnu/crti.o] ==> [/usr/lib/x86_64-linux-gnu/crti.o]
  collapse obj [/usr/bin/../lib/gcc/x86_64-linux-gnu/9/crtbegin.o] ==> [/usr/lib/gcc/x86_64-linux-gnu/9/crtbegin.o]
  collapse obj [/usr/bin/../lib/gcc/x86_64-linux-gnu/9/crtend.o] ==> [/usr/lib/gcc/x86_64-linux-gnu/9/crtend.o]
  collapse obj [/usr/bin/../lib/gcc/x86_64-linux-gnu/9/../../../x86_64-linux-gnu/crtn.o] ==> [/usr/lib/x86_64-linux-gnu/crtn.o]
  collapse library dir [/usr/bin/../lib/gcc/x86_64-linux-gnu/9] ==> [/usr/lib/gcc/x86_64-linux-gnu/9]
  collapse library dir [/usr/bin/../lib/gcc/x86_64-linux-gnu/9/../../../x86_64-linux-gnu] ==> [/usr/lib/x86_64-linux-gnu]
  collapse library dir [/usr/bin/../lib/gcc/x86_64-linux-gnu/9/../../../../lib64] ==> [/usr/lib64]
  collapse library dir [/lib/x86_64-linux-gnu] ==> [/lib/x86_64-linux-gnu]
  collapse library dir [/lib/../lib64] ==> [/lib64]
  collapse library dir [/usr/lib/x86_64-linux-gnu] ==> [/usr/lib/x86_64-linux-gnu]
  collapse library dir [/usr/lib/../lib64] ==> [/usr/lib64]
  collapse library dir [/usr/lib/x86_64-linux-gnu/../../lib64] ==> [/usr/lib64]
  collapse library dir [/usr/bin/../lib/gcc/x86_64-linux-gnu/9/../../..] ==> [/usr/lib]
  collapse library dir [/usr/lib/llvm-10/bin/../lib] ==> [/usr/lib/llvm-10/lib]
  collapse library dir [/lib] ==> [/lib]
  collapse library dir [/usr/lib] ==> [/usr/lib]
  implicit libs: [stdc++;m;gcc_s;gcc;c;gcc_s;gcc]
  implicit objs: [/usr/lib/x86_64-linux-gnu/crt1.o;/usr/lib/x86_64-linux-gnu/crti.o;/usr/lib/gcc/x86_64-linux-gnu/9/crtbegin.o;/usr/lib/gcc/x86_64-linux-gnu/9/crtend.o;/usr/lib/x86_64-linux-gnu/crtn.o]
  implicit dirs: [/usr/lib/gcc/x86_64-linux-gnu/9;/usr/lib/x86_64-linux-gnu;/usr/lib64;/lib/x86_64-linux-gnu;/lib64;/usr/lib;/usr/lib/llvm-10/lib;/lib]
  implicit fwks: []


Performing C SOURCE FILE Test Wno-deprecated-declarations succeeded with the following output:
Change Dir: /home/toolsdevler/git/Remmina/cmake-build-release/CMakeFiles/CMakeTmp

Run Build Command(s):/usr/bin/make -f Makefile cmTC_74d70/fast && /usr/bin/make  -f CMakeFiles/cmTC_74d70.dir/build.make CMakeFiles/cmTC_74d70.dir/build
make[1]: Entering directory '/home/toolsdevler/git/Remmina/cmake-build-release/CMakeFiles/CMakeTmp'
Building C object CMakeFiles/cmTC_74d70.dir/src.c.o
/usr/bin/clang   -Wno-unused-parameter -Wno-unused-macros -Wno-padded -Wno-c11-extensions -Wno-gnu -Wno-unused-command-line-argument    -DWno-deprecated-declarations -Wno-deprecated-declarations -MD -MT CMakeFiles/cmTC_74d70.dir/src.c.o -MF CMakeFiles/cmTC_74d70.dir/src.c.o.d -o CMakeFiles/cmTC_74d70.dir/src.c.o -c /home/toolsdevler/git/Remmina/cmake-build-release/CMakeFiles/CMakeTmp/src.c
In file included from <built-in>:341:
<command line>:1:12: warning: ISO C99 requires whitespace after the macro name [-Wc99-extensions]
#define Wno-deprecated-declarations 1
           ^
1 warning generated.
Linking C executable cmTC_74d70
/snap/clion/162/bin/cmake/linux/bin/cmake -E cmake_link_script CMakeFiles/cmTC_74d70.dir/link.txt --verbose=1
/usr/bin/clang  -Wno-unused-parameter -Wno-unused-macros -Wno-padded -Wno-c11-extensions -Wno-gnu -Wno-unused-command-line-argument  CMakeFiles/cmTC_74d70.dir/src.c.o -o cmTC_74d70 
make[1]: Leaving directory '/home/toolsdevler/git/Remmina/cmake-build-release/CMakeFiles/CMakeTmp'


Source file was:
int main(void) { return 0; }
Determining if files sys/socket.h exist passed with the following output:
Change Dir: /home/toolsdevler/git/Remmina/cmake-build-release/CMakeFiles/CMakeTmp

Run Build Command(s):/usr/bin/make -f Makefile cmTC_02814/fast && /usr/bin/make  -f CMakeFiles/cmTC_02814.dir/build.make CMakeFiles/cmTC_02814.dir/build
make[1]: Entering directory '/home/toolsdevler/git/Remmina/cmake-build-release/CMakeFiles/CMakeTmp'
Building C object CMakeFiles/cmTC_02814.dir/HAVE_SYS_SOCKET_H.c.o
/usr/bin/clang   -Wno-unused-parameter -Wno-unused-macros -Wno-padded -Wno-c11-extensions -Wno-gnu -Wno-unused-command-line-argument -Wno-deprecated-declarations  -MD -MT CMakeFiles/cmTC_02814.dir/HAVE_SYS_SOCKET_H.c.o -MF CMakeFiles/cmTC_02814.dir/HAVE_SYS_SOCKET_H.c.o.d -o CMakeFiles/cmTC_02814.dir/HAVE_SYS_SOCKET_H.c.o -c /home/toolsdevler/git/Remmina/cmake-build-release/CMakeFiles/CheckIncludeFiles/HAVE_SYS_SOCKET_H.c
Linking C executable cmTC_02814
/snap/clion/162/bin/cmake/linux/bin/cmake -E cmake_link_script CMakeFiles/cmTC_02814.dir/link.txt --verbose=1
/usr/bin/clang  -Wno-unused-parameter -Wno-unused-macros -Wno-padded -Wno-c11-extensions -Wno-gnu -Wno-unused-command-line-argument -Wno-deprecated-declarations  CMakeFiles/cmTC_02814.dir/HAVE_SYS_SOCKET_H.c.o -o cmTC_02814 
make[1]: Leaving directory '/home/toolsdevler/git/Remmina/cmake-build-release/CMakeFiles/CMakeTmp'



Determining if files arpa/inet.h exist passed with the following output:
Change Dir: /home/toolsdevler/git/Remmina/cmake-build-release/CMakeFiles/CMakeTmp

Run Build Command(s):/usr/bin/make -f Makefile cmTC_6cd37/fast && /usr/bin/make  -f CMakeFiles/cmTC_6cd37.dir/build.make CMakeFiles/cmTC_6cd37.dir/build
make[1]: Entering directory '/home/toolsdevler/git/Remmina/cmake-build-release/CMakeFiles/CMakeTmp'
Building C object CMakeFiles/cmTC_6cd37.dir/HAVE_ARPA_INET_H.c.o
/usr/bin/clang   -Wno-unused-parameter -Wno-unused-macros -Wno-padded -Wno-c11-extensions -Wno-gnu -Wno-unused-command-line-argument -Wno-deprecated-declarations  -MD -MT CMakeFiles/cmTC_6cd37.dir/HAVE_ARPA_INET_H.c.o -MF CMakeFiles/cmTC_6cd37.dir/HAVE_ARPA_INET_H.c.o.d -o CMakeFiles/cmTC_6cd37.dir/HAVE_ARPA_INET_H.c.o -c /home/toolsdevler/git/Remmina/cmake-build-release/CMakeFiles/CheckIncludeFiles/HAVE_ARPA_INET_H.c
Linking C executable cmTC_6cd37
/snap/clion/162/bin/cmake/linux/bin/cmake -E cmake_link_script CMakeFiles/cmTC_6cd37.dir/link.txt --verbose=1
/usr/bin/clang  -Wno-unused-parameter -Wno-unused-macros -Wno-padded -Wno-c11-extensions -Wno-gnu -Wno-unused-command-line-argument -Wno-deprecated-declarations  CMakeFiles/cmTC_6cd37.dir/HAVE_ARPA_INET_H.c.o -o cmTC_6cd37 
make[1]: Leaving directory '/home/toolsdevler/git/Remmina/cmake-build-release/CMakeFiles/CMakeTmp'



Determining if files netinet/in.h exist passed with the following output:
Change Dir: /home/toolsdevler/git/Remmina/cmake-build-release/CMakeFiles/CMakeTmp

Run Build Command(s):/usr/bin/make -f Makefile cmTC_6b746/fast && /usr/bin/make  -f CMakeFiles/cmTC_6b746.dir/build.make CMakeFiles/cmTC_6b746.dir/build
make[1]: Entering directory '/home/toolsdevler/git/Remmina/cmake-build-release/CMakeFiles/CMakeTmp'
Building C object CMakeFiles/cmTC_6b746.dir/HAVE_NETINET_IN_H.c.o
/usr/bin/clang   -Wno-unused-parameter -Wno-unused-macros -Wno-padded -Wno-c11-extensions -Wno-gnu -Wno-unused-command-line-argument -Wno-deprecated-declarations  -MD -MT CMakeFiles/cmTC_6b746.dir/HAVE_NETINET_IN_H.c.o -MF CMakeFiles/cmTC_6b746.dir/HAVE_NETINET_IN_H.c.o.d -o CMakeFiles/cmTC_6b746.dir/HAVE_NETINET_IN_H.c.o -c /home/toolsdevler/git/Remmina/cmake-build-release/CMakeFiles/CheckIncludeFiles/HAVE_NETINET_IN_H.c
Linking C executable cmTC_6b746
/snap/clion/162/bin/cmake/linux/bin/cmake -E cmake_link_script CMakeFiles/cmTC_6b746.dir/link.txt --verbose=1
/usr/bin/clang  -Wno-unused-parameter -Wno-unused-macros -Wno-padded -Wno-c11-extensions -Wno-gnu -Wno-unused-command-line-argument -Wno-deprecated-declarations  CMakeFiles/cmTC_6b746.dir/HAVE_NETINET_IN_H.c.o -o cmTC_6b746 
make[1]: Leaving directory '/home/toolsdevler/git/Remmina/cmake-build-release/CMakeFiles/CMakeTmp'



Determining if files netinet/tcp.h exist passed with the following output:
Change Dir: /home/toolsdevler/git/Remmina/cmake-build-release/CMakeFiles/CMakeTmp

Run Build Command(s):/usr/bin/make -f Makefile cmTC_a065b/fast && /usr/bin/make  -f CMakeFiles/cmTC_a065b.dir/build.make CMakeFiles/cmTC_a065b.dir/build
make[1]: Entering directory '/home/toolsdevler/git/Remmina/cmake-build-release/CMakeFiles/CMakeTmp'
Building C object CMakeFiles/cmTC_a065b.dir/HAVE_NETINET_TCP_H.c.o
/usr/bin/clang   -Wno-unused-parameter -Wno-unused-macros -Wno-padded -Wno-c11-extensions -Wno-gnu -Wno-unused-command-line-argument -Wno-deprecated-declarations  -MD -MT CMakeFiles/cmTC_a065b.dir/HAVE_NETINET_TCP_H.c.o -MF CMakeFiles/cmTC_a065b.dir/HAVE_NETINET_TCP_H.c.o.d -o CMakeFiles/cmTC_a065b.dir/HAVE_NETINET_TCP_H.c.o -c /home/toolsdevler/git/Remmina/cmake-build-release/CMakeFiles/CheckIncludeFiles/HAVE_NETINET_TCP_H.c
Linking C executable cmTC_a065b
/snap/clion/162/bin/cmake/linux/bin/cmake -E cmake_link_script CMakeFiles/cmTC_a065b.dir/link.txt --verbose=1
/usr/bin/clang  -Wno-unused-parameter -Wno-unused-macros -Wno-padded -Wno-c11-extensions -Wno-gnu -Wno-unused-command-line-argument -Wno-deprecated-declarations  CMakeFiles/cmTC_a065b.dir/HAVE_NETINET_TCP_H.c.o -o cmTC_a065b 
make[1]: Leaving directory '/home/toolsdevler/git/Remmina/cmake-build-release/CMakeFiles/CMakeTmp'



Determining if files termios.h exist passed with the following output:
Change Dir: /home/toolsdevler/git/Remmina/cmake-build-release/CMakeFiles/CMakeTmp

Run Build Command(s):/usr/bin/make -f Makefile cmTC_68cfe/fast && /usr/bin/make  -f CMakeFiles/cmTC_68cfe.dir/build.make CMakeFiles/cmTC_68cfe.dir/build
make[1]: Entering directory '/home/toolsdevler/git/Remmina/cmake-build-release/CMakeFiles/CMakeTmp'
Building C object CMakeFiles/cmTC_68cfe.dir/HAVE_TERMIOS_H.c.o
/usr/bin/clang   -Wno-unused-parameter -Wno-unused-macros -Wno-padded -Wno-c11-extensions -Wno-gnu -Wno-unused-command-line-argument -Wno-deprecated-declarations  -MD -MT CMakeFiles/cmTC_68cfe.dir/HAVE_TERMIOS_H.c.o -MF CMakeFiles/cmTC_68cfe.dir/HAVE_TERMIOS_H.c.o.d -o CMakeFiles/cmTC_68cfe.dir/HAVE_TERMIOS_H.c.o -c /home/toolsdevler/git/Remmina/cmake-build-release/CMakeFiles/CheckIncludeFiles/HAVE_TERMIOS_H.c
Linking C executable cmTC_68cfe
/snap/clion/162/bin/cmake/linux/bin/cmake -E cmake_link_script CMakeFiles/cmTC_68cfe.dir/link.txt --verbose=1
/usr/bin/clang  -Wno-unused-parameter -Wno-unused-macros -Wno-padded -Wno-c11-extensions -Wno-gnu -Wno-unused-command-line-argument -Wno-deprecated-declarations  CMakeFiles/cmTC_68cfe.dir/HAVE_TERMIOS_H.c.o -o cmTC_68cfe 
make[1]: Leaving directory '/home/toolsdevler/git/Remmina/cmake-build-release/CMakeFiles/CMakeTmp'



Determining if files netdb.h exist passed with the following output:
Change Dir: /home/toolsdevler/git/Remmina/cmake-build-release/CMakeFiles/CMakeTmp

Run Build Command(s):/usr/bin/make -f Makefile cmTC_cf24d/fast && /usr/bin/make  -f CMakeFiles/cmTC_cf24d.dir/build.make CMakeFiles/cmTC_cf24d.dir/build
make[1]: Entering directory '/home/toolsdevler/git/Remmina/cmake-build-release/CMakeFiles/CMakeTmp'
Building C object CMakeFiles/cmTC_cf24d.dir/HAVE_NETDB_H.c.o
/usr/bin/clang   -Wno-unused-parameter -Wno-unused-macros -Wno-padded -Wno-c11-extensions -Wno-gnu -Wno-unused-command-line-argument -Wno-deprecated-declarations  -MD -MT CMakeFiles/cmTC_cf24d.dir/HAVE_NETDB_H.c.o -MF CMakeFiles/cmTC_cf24d.dir/HAVE_NETDB_H.c.o.d -o CMakeFiles/cmTC_cf24d.dir/HAVE_NETDB_H.c.o -c /home/toolsdevler/git/Remmina/cmake-build-release/CMakeFiles/CheckIncludeFiles/HAVE_NETDB_H.c
Linking C executable cmTC_cf24d
/snap/clion/162/bin/cmake/linux/bin/cmake -E cmake_link_script CMakeFiles/cmTC_cf24d.dir/link.txt --verbose=1
/usr/bin/clang  -Wno-unused-parameter -Wno-unused-macros -Wno-padded -Wno-c11-extensions -Wno-gnu -Wno-unused-command-line-argument -Wno-deprecated-declarations  CMakeFiles/cmTC_cf24d.dir/HAVE_NETDB_H.c.o -o cmTC_cf24d 
make[1]: Leaving directory '/home/toolsdevler/git/Remmina/cmake-build-release/CMakeFiles/CMakeTmp'



Determining if files fcntl.h exist passed with the following output:
Change Dir: /home/toolsdevler/git/Remmina/cmake-build-release/CMakeFiles/CMakeTmp

Run Build Command(s):/usr/bin/make -f Makefile cmTC_a800b/fast && /usr/bin/make  -f CMakeFiles/cmTC_a800b.dir/build.make CMakeFiles/cmTC_a800b.dir/build
make[1]: Entering directory '/home/toolsdevler/git/Remmina/cmake-build-release/CMakeFiles/CMakeTmp'
Building C object CMakeFiles/cmTC_a800b.dir/HAVE_FCNTL_H.c.o
/usr/bin/clang   -Wno-unused-parameter -Wno-unused-macros -Wno-padded -Wno-c11-extensions -Wno-gnu -Wno-unused-command-line-argument -Wno-deprecated-declarations  -MD -MT CMakeFiles/cmTC_a800b.dir/HAVE_FCNTL_H.c.o -MF CMakeFiles/cmTC_a800b.dir/HAVE_FCNTL_H.c.o.d -o CMakeFiles/cmTC_a800b.dir/HAVE_FCNTL_H.c.o -c /home/toolsdevler/git/Remmina/cmake-build-release/CMakeFiles/CheckIncludeFiles/HAVE_FCNTL_H.c
Linking C executable cmTC_a800b
/snap/clion/162/bin/cmake/linux/bin/cmake -E cmake_link_script CMakeFiles/cmTC_a800b.dir/link.txt --verbose=1
/usr/bin/clang  -Wno-unused-parameter -Wno-unused-macros -Wno-padded -Wno-c11-extensions -Wno-gnu -Wno-unused-command-line-argument -Wno-deprecated-declarations  CMakeFiles/cmTC_a800b.dir/HAVE_FCNTL_H.c.o -o cmTC_a800b 
make[1]: Leaving directory '/home/toolsdevler/git/Remmina/cmake-build-release/CMakeFiles/CMakeTmp'



Determining if files unistd.h exist passed with the following output:
Change Dir: /home/toolsdevler/git/Remmina/cmake-build-release/CMakeFiles/CMakeTmp

Run Build Command(s):/usr/bin/make -f Makefile cmTC_5d7cf/fast && /usr/bin/make  -f CMakeFiles/cmTC_5d7cf.dir/build.make CMakeFiles/cmTC_5d7cf.dir/build
make[1]: Entering directory '/home/toolsdevler/git/Remmina/cmake-build-release/CMakeFiles/CMakeTmp'
Building C object CMakeFiles/cmTC_5d7cf.dir/HAVE_UNISTD_H.c.o
/usr/bin/clang   -Wno-unused-parameter -Wno-unused-macros -Wno-padded -Wno-c11-extensions -Wno-gnu -Wno-unused-command-line-argument -Wno-deprecated-declarations  -MD -MT CMakeFiles/cmTC_5d7cf.dir/HAVE_UNISTD_H.c.o -MF CMakeFiles/cmTC_5d7cf.dir/HAVE_UNISTD_H.c.o.d -o CMakeFiles/cmTC_5d7cf.dir/HAVE_UNISTD_H.c.o -c /home/toolsdevler/git/Remmina/cmake-build-release/CMakeFiles/CheckIncludeFiles/HAVE_UNISTD_H.c
Linking C executable cmTC_5d7cf
/snap/clion/162/bin/cmake/linux/bin/cmake -E cmake_link_script CMakeFiles/cmTC_5d7cf.dir/link.txt --verbose=1
/usr/bin/clang  -Wno-unused-parameter -Wno-unused-macros -Wno-padded -Wno-c11-extensions -Wno-gnu -Wno-unused-command-line-argument -Wno-deprecated-declarations  CMakeFiles/cmTC_5d7cf.dir/HAVE_UNISTD_H.c.o -o cmTC_5d7cf 
make[1]: Leaving directory '/home/toolsdevler/git/Remmina/cmake-build-release/CMakeFiles/CMakeTmp'



Determining if files sys/un.h exist passed with the following output:
Change Dir: /home/toolsdevler/git/Remmina/cmake-build-release/CMakeFiles/CMakeTmp

Run Build Command(s):/usr/bin/make -f Makefile cmTC_ae618/fast && /usr/bin/make  -f CMakeFiles/cmTC_ae618.dir/build.make CMakeFiles/cmTC_ae618.dir/build
make[1]: Entering directory '/home/toolsdevler/git/Remmina/cmake-build-release/CMakeFiles/CMakeTmp'
Building C object CMakeFiles/cmTC_ae618.dir/HAVE_SYS_UN_H.c.o
/usr/bin/clang   -Wno-unused-parameter -Wno-unused-macros -Wno-padded -Wno-c11-extensions -Wno-gnu -Wno-unused-command-line-argument -Wno-deprecated-declarations  -MD -MT CMakeFiles/cmTC_ae618.dir/HAVE_SYS_UN_H.c.o -MF CMakeFiles/cmTC_ae618.dir/HAVE_SYS_UN_H.c.o.d -o CMakeFiles/cmTC_ae618.dir/HAVE_SYS_UN_H.c.o -c /home/toolsdevler/git/Remmina/cmake-build-release/CMakeFiles/CheckIncludeFiles/HAVE_SYS_UN_H.c
Linking C executable cmTC_ae618
/snap/clion/162/bin/cmake/linux/bin/cmake -E cmake_link_script CMakeFiles/cmTC_ae618.dir/link.txt --verbose=1
/usr/bin/clang  -Wno-unused-parameter -Wno-unused-macros -Wno-padded -Wno-c11-extensions -Wno-gnu -Wno-unused-command-line-argument -Wno-deprecated-declarations  CMakeFiles/cmTC_ae618.dir/HAVE_SYS_UN_H.c.o -o cmTC_ae618 
make[1]: Leaving directory '/home/toolsdevler/git/Remmina/cmake-build-release/CMakeFiles/CMakeTmp'



Determining if files errno.h exist passed with the following output:
Change Dir: /home/toolsdevler/git/Remmina/cmake-build-release/CMakeFiles/CMakeTmp

Run Build Command(s):/usr/bin/make -f Makefile cmTC_1493b/fast && /usr/bin/make  -f CMakeFiles/cmTC_1493b.dir/build.make CMakeFiles/cmTC_1493b.dir/build
make[1]: Entering directory '/home/toolsdevler/git/Remmina/cmake-build-release/CMakeFiles/CMakeTmp'
Building C object CMakeFiles/cmTC_1493b.dir/HAVE_ERRNO_H.c.o
/usr/bin/clang   -Wno-unused-parameter -Wno-unused-macros -Wno-padded -Wno-c11-extensions -Wno-gnu -Wno-unused-command-line-argument -Wno-deprecated-declarations  -MD -MT CMakeFiles/cmTC_1493b.dir/HAVE_ERRNO_H.c.o -MF CMakeFiles/cmTC_1493b.dir/HAVE_ERRNO_H.c.o.d -o CMakeFiles/cmTC_1493b.dir/HAVE_ERRNO_H.c.o -c /home/toolsdevler/git/Remmina/cmake-build-release/CMakeFiles/CheckIncludeFiles/HAVE_ERRNO_H.c
Linking C executable cmTC_1493b
/snap/clion/162/bin/cmake/linux/bin/cmake -E cmake_link_script CMakeFiles/cmTC_1493b.dir/link.txt --verbose=1
/usr/bin/clang  -Wno-unused-parameter -Wno-unused-macros -Wno-padded -Wno-c11-extensions -Wno-gnu -Wno-unused-command-line-argument -Wno-deprecated-declarations  CMakeFiles/cmTC_1493b.dir/HAVE_ERRNO_H.c.o -o cmTC_1493b 
make[1]: Leaving directory '/home/toolsdevler/git/Remmina/cmake-build-release/CMakeFiles/CMakeTmp'



Determining if the include file pthread.h exists passed with the following output:
Change Dir: /home/toolsdevler/git/Remmina/cmake-build-release/CMakeFiles/CMakeTmp

Run Build Command(s):/usr/bin/make -f Makefile cmTC_b4a1c/fast && /usr/bin/make  -f CMakeFiles/cmTC_b4a1c.dir/build.make CMakeFiles/cmTC_b4a1c.dir/build
make[1]: Entering directory '/home/toolsdevler/git/Remmina/cmake-build-release/CMakeFiles/CMakeTmp'
Building C object CMakeFiles/cmTC_b4a1c.dir/CheckIncludeFile.c.o
/usr/bin/clang   -Wno-unused-parameter -Wno-unused-macros -Wno-padded -Wno-c11-extensions -Wno-gnu -Wno-unused-command-line-argument -Wno-deprecated-declarations  -MD -MT CMakeFiles/cmTC_b4a1c.dir/CheckIncludeFile.c.o -MF CMakeFiles/cmTC_b4a1c.dir/CheckIncludeFile.c.o.d -o CMakeFiles/cmTC_b4a1c.dir/CheckIncludeFile.c.o -c /home/toolsdevler/git/Remmina/cmake-build-release/CMakeFiles/CMakeTmp/CheckIncludeFile.c
Linking C executable cmTC_b4a1c
/snap/clion/162/bin/cmake/linux/bin/cmake -E cmake_link_script CMakeFiles/cmTC_b4a1c.dir/link.txt --verbose=1
/usr/bin/clang  -Wno-unused-parameter -Wno-unused-macros -Wno-padded -Wno-c11-extensions -Wno-gnu -Wno-unused-command-line-argument -Wno-deprecated-declarations  CMakeFiles/cmTC_b4a1c.dir/CheckIncludeFile.c.o -o cmTC_b4a1c 
make[1]: Leaving directory '/home/toolsdevler/git/Remmina/cmake-build-release/CMakeFiles/CMakeTmp'



Determining if the function pthread_create exists in the pthread passed with the following output:
Change Dir: /home/toolsdevler/git/Remmina/cmake-build-release/CMakeFiles/CMakeTmp

Run Build Command(s):/usr/bin/make -f Makefile cmTC_2e747/fast && /usr/bin/make  -f CMakeFiles/cmTC_2e747.dir/build.make CMakeFiles/cmTC_2e747.dir/build
make[1]: Entering directory '/home/toolsdevler/git/Remmina/cmake-build-release/CMakeFiles/CMakeTmp'
Building C object CMakeFiles/cmTC_2e747.dir/CheckFunctionExists.c.o
/usr/bin/clang   -Wno-unused-parameter -Wno-unused-macros -Wno-padded -Wno-c11-extensions -Wno-gnu -Wno-unused-command-line-argument -Wno-deprecated-declarations -DCHECK_FUNCTION_EXISTS=pthread_create -MD -MT CMakeFiles/cmTC_2e747.dir/CheckFunctionExists.c.o -MF CMakeFiles/cmTC_2e747.dir/CheckFunctionExists.c.o.d -o CMakeFiles/cmTC_2e747.dir/CheckFunctionExists.c.o -c /snap/clion/162/bin/cmake/linux/share/cmake-3.20/Modules/CheckFunctionExists.c
Linking C executable cmTC_2e747
/snap/clion/162/bin/cmake/linux/bin/cmake -E cmake_link_script CMakeFiles/cmTC_2e747.dir/link.txt --verbose=1
/usr/bin/clang  -Wno-unused-parameter -Wno-unused-macros -Wno-padded -Wno-c11-extensions -Wno-gnu -Wno-unused-command-line-argument -Wno-deprecated-declarations -DCHECK_FUNCTION_EXISTS=pthread_create CMakeFiles/cmTC_2e747.dir/CheckFunctionExists.c.o -o cmTC_2e747  -lpthread 
make[1]: Leaving directory '/home/toolsdevler/git/Remmina/cmake-build-release/CMakeFiles/CMakeTmp'



Determining if the function XOpenDisplay exists in the /usr/lib/x86_64-linux-gnu/libX11.so;/usr/lib/x86_64-linux-gnu/libXext.so passed with the following output:
Change Dir: /home/toolsdevler/git/Remmina/cmake-build-release/CMakeFiles/CMakeTmp

Run Build Command(s):/usr/bin/make -f Makefile cmTC_a0d85/fast && /usr/bin/make  -f CMakeFiles/cmTC_a0d85.dir/build.make CMakeFiles/cmTC_a0d85.dir/build
make[1]: Entering directory '/home/toolsdevler/git/Remmina/cmake-build-release/CMakeFiles/CMakeTmp'
Building C object CMakeFiles/cmTC_a0d85.dir/CheckFunctionExists.c.o
/usr/bin/clang   -Wno-unused-parameter -Wno-unused-macros -Wno-padded -Wno-c11-extensions -Wno-gnu -Wno-unused-command-line-argument -Wno-deprecated-declarations -DCHECK_FUNCTION_EXISTS=XOpenDisplay -MD -MT CMakeFiles/cmTC_a0d85.dir/CheckFunctionExists.c.o -MF CMakeFiles/cmTC_a0d85.dir/CheckFunctionExists.c.o.d -o CMakeFiles/cmTC_a0d85.dir/CheckFunctionExists.c.o -c /snap/clion/162/bin/cmake/linux/share/cmake-3.20/Modules/CheckFunctionExists.c
Linking C executable cmTC_a0d85
/snap/clion/162/bin/cmake/linux/bin/cmake -E cmake_link_script CMakeFiles/cmTC_a0d85.dir/link.txt --verbose=1
/usr/bin/clang  -Wno-unused-parameter -Wno-unused-macros -Wno-padded -Wno-c11-extensions -Wno-gnu -Wno-unused-command-line-argument -Wno-deprecated-declarations -DCHECK_FUNCTION_EXISTS=XOpenDisplay CMakeFiles/cmTC_a0d85.dir/CheckFunctionExists.c.o -o cmTC_a0d85  /usr/lib/x86_64-linux-gnu/libX11.so /usr/lib/x86_64-linux-gnu/libXext.so 
make[1]: Leaving directory '/home/toolsdevler/git/Remmina/cmake-build-release/CMakeFiles/CMakeTmp'



Determining if the function gethostbyname exists passed with the following output:
Change Dir: /home/toolsdevler/git/Remmina/cmake-build-release/CMakeFiles/CMakeTmp

Run Build Command(s):/usr/bin/make -f Makefile cmTC_e0487/fast && /usr/bin/make  -f CMakeFiles/cmTC_e0487.dir/build.make CMakeFiles/cmTC_e0487.dir/build
make[1]: Entering directory '/home/toolsdevler/git/Remmina/cmake-build-release/CMakeFiles/CMakeTmp'
Building C object CMakeFiles/cmTC_e0487.dir/CheckFunctionExists.c.o
/usr/bin/clang   -Wno-unused-parameter -Wno-unused-macros -Wno-padded -Wno-c11-extensions -Wno-gnu -Wno-unused-command-line-argument -Wno-deprecated-declarations -DCHECK_FUNCTION_EXISTS=gethostbyname -MD -MT CMakeFiles/cmTC_e0487.dir/CheckFunctionExists.c.o -MF CMakeFiles/cmTC_e0487.dir/CheckFunctionExists.c.o.d -o CMakeFiles/cmTC_e0487.dir/CheckFunctionExists.c.o -c /snap/clion/162/bin/cmake/linux/share/cmake-3.20/Modules/CheckFunctionExists.c
Linking C executable cmTC_e0487
/snap/clion/162/bin/cmake/linux/bin/cmake -E cmake_link_script CMakeFiles/cmTC_e0487.dir/link.txt --verbose=1
/usr/bin/clang  -Wno-unused-parameter -Wno-unused-macros -Wno-padded -Wno-c11-extensions -Wno-gnu -Wno-unused-command-line-argument -Wno-deprecated-declarations -DCHECK_FUNCTION_EXISTS=gethostbyname -rdynamic CMakeFiles/cmTC_e0487.dir/CheckFunctionExists.c.o -o cmTC_e0487 
make[1]: Leaving directory '/home/toolsdevler/git/Remmina/cmake-build-release/CMakeFiles/CMakeTmp'



Determining if the function connect exists passed with the following output:
Change Dir: /home/toolsdevler/git/Remmina/cmake-build-release/CMakeFiles/CMakeTmp

Run Build Command(s):/usr/bin/make -f Makefile cmTC_369f7/fast && /usr/bin/make  -f CMakeFiles/cmTC_369f7.dir/build.make CMakeFiles/cmTC_369f7.dir/build
make[1]: Entering directory '/home/toolsdevler/git/Remmina/cmake-build-release/CMakeFiles/CMakeTmp'
Building C object CMakeFiles/cmTC_369f7.dir/CheckFunctionExists.c.o
/usr/bin/clang   -Wno-unused-parameter -Wno-unused-macros -Wno-padded -Wno-c11-extensions -Wno-gnu -Wno-unused-command-line-argument -Wno-deprecated-declarations -DCHECK_FUNCTION_EXISTS=connect -MD -MT CMakeFiles/cmTC_369f7.dir/CheckFunctionExists.c.o -MF CMakeFiles/cmTC_369f7.dir/CheckFunctionExists.c.o.d -o CMakeFiles/cmTC_369f7.dir/CheckFunctionExists.c.o -c /snap/clion/162/bin/cmake/linux/share/cmake-3.20/Modules/CheckFunctionExists.c
Linking C executable cmTC_369f7
/snap/clion/162/bin/cmake/linux/bin/cmake -E cmake_link_script CMakeFiles/cmTC_369f7.dir/link.txt --verbose=1
/usr/bin/clang  -Wno-unused-parameter -Wno-unused-macros -Wno-padded -Wno-c11-extensions -Wno-gnu -Wno-unused-command-line-argument -Wno-deprecated-declarations -DCHECK_FUNCTION_EXISTS=connect -rdynamic CMakeFiles/cmTC_369f7.dir/CheckFunctionExists.c.o -o cmTC_369f7 
make[1]: Leaving directory '/home/toolsdevler/git/Remmina/cmake-build-release/CMakeFiles/CMakeTmp'



Determining if the function remove exists passed with the following output:
Change Dir: /home/toolsdevler/git/Remmina/cmake-build-release/CMakeFiles/CMakeTmp

Run Build Command(s):/usr/bin/make -f Makefile cmTC_6f9d4/fast && /usr/bin/make  -f CMakeFiles/cmTC_6f9d4.dir/build.make CMakeFiles/cmTC_6f9d4.dir/build
make[1]: Entering directory '/home/toolsdevler/git/Remmina/cmake-build-release/CMakeFiles/CMakeTmp'
Building C object CMakeFiles/cmTC_6f9d4.dir/CheckFunctionExists.c.o
/usr/bin/clang   -Wno-unused-parameter -Wno-unused-macros -Wno-padded -Wno-c11-extensions -Wno-gnu -Wno-unused-command-line-argument -Wno-deprecated-declarations -DCHECK_FUNCTION_EXISTS=remove -MD -MT CMakeFiles/cmTC_6f9d4.dir/CheckFunctionExists.c.o -MF CMakeFiles/cmTC_6f9d4.dir/CheckFunctionExists.c.o.d -o CMakeFiles/cmTC_6f9d4.dir/CheckFunctionExists.c.o -c /snap/clion/162/bin/cmake/linux/share/cmake-3.20/Modules/CheckFunctionExists.c
Linking C executable cmTC_6f9d4
/snap/clion/162/bin/cmake/linux/bin/cmake -E cmake_link_script CMakeFiles/cmTC_6f9d4.dir/link.txt --verbose=1
/usr/bin/clang  -Wno-unused-parameter -Wno-unused-macros -Wno-padded -Wno-c11-extensions -Wno-gnu -Wno-unused-command-line-argument -Wno-deprecated-declarations -DCHECK_FUNCTION_EXISTS=remove -rdynamic CMakeFiles/cmTC_6f9d4.dir/CheckFunctionExists.c.o -o cmTC_6f9d4 
make[1]: Leaving directory '/home/toolsdevler/git/Remmina/cmake-build-release/CMakeFiles/CMakeTmp'



Determining if the function shmat exists passed with the following output:
Change Dir: /home/toolsdevler/git/Remmina/cmake-build-release/CMakeFiles/CMakeTmp

Run Build Command(s):/usr/bin/make -f Makefile cmTC_6d05a/fast && /usr/bin/make  -f CMakeFiles/cmTC_6d05a.dir/build.make CMakeFiles/cmTC_6d05a.dir/build
make[1]: Entering directory '/home/toolsdevler/git/Remmina/cmake-build-release/CMakeFiles/CMakeTmp'
Building C object CMakeFiles/cmTC_6d05a.dir/CheckFunctionExists.c.o
/usr/bin/clang   -Wno-unused-parameter -Wno-unused-macros -Wno-padded -Wno-c11-extensions -Wno-gnu -Wno-unused-command-line-argument -Wno-deprecated-declarations -DCHECK_FUNCTION_EXISTS=shmat -MD -MT CMakeFiles/cmTC_6d05a.dir/CheckFunctionExists.c.o -MF CMakeFiles/cmTC_6d05a.dir/CheckFunctionExists.c.o.d -o CMakeFiles/cmTC_6d05a.dir/CheckFunctionExists.c.o -c /snap/clion/162/bin/cmake/linux/share/cmake-3.20/Modules/CheckFunctionExists.c
Linking C executable cmTC_6d05a
/snap/clion/162/bin/cmake/linux/bin/cmake -E cmake_link_script CMakeFiles/cmTC_6d05a.dir/link.txt --verbose=1
/usr/bin/clang  -Wno-unused-parameter -Wno-unused-macros -Wno-padded -Wno-c11-extensions -Wno-gnu -Wno-unused-command-line-argument -Wno-deprecated-declarations -DCHECK_FUNCTION_EXISTS=shmat -rdynamic CMakeFiles/cmTC_6d05a.dir/CheckFunctionExists.c.o -o cmTC_6d05a 
make[1]: Leaving directory '/home/toolsdevler/git/Remmina/cmake-build-release/CMakeFiles/CMakeTmp'



Determining if the function IceConnectionNumber exists in the ICE passed with the following output:
Change Dir: /home/toolsdevler/git/Remmina/cmake-build-release/CMakeFiles/CMakeTmp

Run Build Command(s):/usr/bin/make -f Makefile cmTC_8b427/fast && /usr/bin/make  -f CMakeFiles/cmTC_8b427.dir/build.make CMakeFiles/cmTC_8b427.dir/build
make[1]: Entering directory '/home/toolsdevler/git/Remmina/cmake-build-release/CMakeFiles/CMakeTmp'
Building C object CMakeFiles/cmTC_8b427.dir/CheckFunctionExists.c.o
/usr/bin/clang   -Wno-unused-parameter -Wno-unused-macros -Wno-padded -Wno-c11-extensions -Wno-gnu -Wno-unused-command-line-argument -Wno-deprecated-declarations -DCHECK_FUNCTION_EXISTS=IceConnectionNumber -MD -MT CMakeFiles/cmTC_8b427.dir/CheckFunctionExists.c.o -MF CMakeFiles/cmTC_8b427.dir/CheckFunctionExists.c.o.d -o CMakeFiles/cmTC_8b427.dir/CheckFunctionExists.c.o -c /snap/clion/162/bin/cmake/linux/share/cmake-3.20/Modules/CheckFunctionExists.c
Linking C executable cmTC_8b427
/snap/clion/162/bin/cmake/linux/bin/cmake -E cmake_link_script CMakeFiles/cmTC_8b427.dir/link.txt --verbose=1
/usr/bin/clang  -Wno-unused-parameter -Wno-unused-macros -Wno-padded -Wno-c11-extensions -Wno-gnu -Wno-unused-command-line-argument -Wno-deprecated-declarations -DCHECK_FUNCTION_EXISTS=IceConnectionNumber CMakeFiles/cmTC_8b427.dir/CheckFunctionExists.c.o -o cmTC_8b427  -lICE 
make[1]: Leaving directory '/home/toolsdevler/git/Remmina/cmake-build-release/CMakeFiles/CMakeTmp'



Performing C SOURCE FILE Test Intl_IS_BUILT_IN succeeded with the following output:
Change Dir: /home/toolsdevler/git/Remmina/cmake-build-release/CMakeFiles/CMakeTmp

Run Build Command(s):/usr/bin/make -f Makefile cmTC_ff75b/fast && /usr/bin/make  -f CMakeFiles/cmTC_ff75b.dir/build.make CMakeFiles/cmTC_ff75b.dir/build
make[1]: Entering directory '/home/toolsdevler/git/Remmina/cmake-build-release/CMakeFiles/CMakeTmp'
Building C object CMakeFiles/cmTC_ff75b.dir/src.c.o
/usr/bin/clang -DIntl_IS_BUILT_IN  -Wno-unused-parameter -Wno-unused-macros -Wno-padded -Wno-c11-extensions -Wno-gnu -Wno-unused-command-line-argument -Wno-deprecated-declarations  -MD -MT CMakeFiles/cmTC_ff75b.dir/src.c.o -MF CMakeFiles/cmTC_ff75b.dir/src.c.o.d -o CMakeFiles/cmTC_ff75b.dir/src.c.o -c /home/toolsdevler/git/Remmina/cmake-build-release/CMakeFiles/CMakeTmp/src.c
Linking C executable cmTC_ff75b
/snap/clion/162/bin/cmake/linux/bin/cmake -E cmake_link_script CMakeFiles/cmTC_ff75b.dir/link.txt --verbose=1
/usr/bin/clang  -Wno-unused-parameter -Wno-unused-macros -Wno-padded -Wno-c11-extensions -Wno-gnu -Wno-unused-command-line-argument -Wno-deprecated-declarations  CMakeFiles/cmTC_ff75b.dir/src.c.o -o cmTC_ff75b 
make[1]: Leaving directory '/home/toolsdevler/git/Remmina/cmake-build-release/CMakeFiles/CMakeTmp'


Source file was:
#include <libintl.h>
int main(void) {
  gettext("");
  dgettext("", "");
  dcgettext("", "", 0);
  return 0;
}

